2024-12-20 17:38:15,913 - DEBUG - Initializing 'ip4' method cache (platform: 'windows')
2024-12-20 17:38:15,915 - DEBUG - Finished initializing 'ip4' method cache
2024-12-20 17:38:15,916 - DEBUG - Raw MAC found: f46add7e79ab
2024-12-20 17:38:15,916 - DEBUG - Adding colons to MAC f46add7e79ab
2024-12-20 17:38:47,030 - DEBUG - Initializing 'ip4' method cache (platform: 'windows')
2024-12-20 17:38:47,032 - DEBUG - Finished initializing 'ip4' method cache
2024-12-20 17:38:47,033 - DEBUG - Raw MAC found: f46add7e79ab
2024-12-20 17:38:47,033 - DEBUG - Adding colons to MAC f46add7e79ab
2024-12-20 17:38:47,035 - DEBUG - Starting new HTTP connection (1): localhost:8000
2024-12-20 17:38:49,243 - DEBUG - http://localhost:8000 "POST /create-computer HTTP/11" 200 56
2024-12-20 17:39:21,807 - DEBUG - Initializing 'ip4' method cache (platform: 'windows')
2024-12-20 17:39:21,810 - DEBUG - Finished initializing 'ip4' method cache
2024-12-20 17:39:21,810 - DEBUG - Raw MAC found: f46add7e79ab
2024-12-20 17:39:21,811 - DEBUG - Adding colons to MAC f46add7e79ab
2024-12-20 17:39:21,813 - DEBUG - Starting new HTTP connection (1): localhost:8000
2024-12-20 17:39:23,894 - DEBUG - http://localhost:8000 "POST /create-computer HTTP/11" 200 56
2024-12-20 17:41:02,117 - DEBUG - Initializing 'ip4' method cache (platform: 'windows')
2024-12-20 17:41:02,119 - DEBUG - Finished initializing 'ip4' method cache
2024-12-20 17:41:02,121 - DEBUG - Raw MAC found: f46add7e79ab
2024-12-20 17:41:02,121 - DEBUG - Adding colons to MAC f46add7e79ab
2024-12-20 17:41:39,279 - DEBUG - Initializing 'ip4' method cache (platform: 'windows')
2024-12-20 17:41:39,281 - DEBUG - Finished initializing 'ip4' method cache
2024-12-20 17:41:39,281 - DEBUG - Raw MAC found: f46add7e79ab
2024-12-20 17:41:39,282 - DEBUG - Adding colons to MAC f46add7e79ab
2024-12-20 17:41:39,284 - DEBUG - Starting new HTTP connection (1): localhost:8000
2024-12-20 17:41:41,389 - DEBUG - http://localhost:8000 "POST /create-computer HTTP/11" 200 56
2024-12-20 17:43:23,541 - DEBUG - Initializing 'ip4' method cache (platform: 'windows')
2024-12-20 17:43:23,543 - DEBUG - Finished initializing 'ip4' method cache
2024-12-20 17:43:23,544 - DEBUG - Raw MAC found: f46add7e79ab
2024-12-20 17:43:23,544 - DEBUG - Adding colons to MAC f46add7e79ab
2024-12-20 17:43:23,547 - DEBUG - Starting new HTTP connection (1): localhost:8000
2024-12-20 17:43:25,673 - DEBUG - http://localhost:8000 "POST /create-computer HTTP/11" 200 56
2024-12-20 17:46:09,612 - DEBUG - Initializing 'ip4' method cache (platform: 'windows')
2024-12-20 17:46:09,614 - DEBUG - Finished initializing 'ip4' method cache
2024-12-20 17:46:09,615 - DEBUG - Raw MAC found: f46add7e79ab
2024-12-20 17:46:09,615 - DEBUG - Adding colons to MAC f46add7e79ab
2024-12-20 17:46:09,617 - DEBUG - Starting new HTTP connection (1): localhost:8000
2024-12-20 17:46:11,718 - DEBUG - http://localhost:8000 "GET /list-computer?mac=F4-6A-DD-7E-79-AB HTTP/11" 200 232
2024-12-20 17:46:23,357 - DEBUG - Initializing 'ip4' method cache (platform: 'windows')
2024-12-20 17:46:23,359 - DEBUG - Finished initializing 'ip4' method cache
2024-12-20 17:46:23,360 - DEBUG - Raw MAC found: f46add7e79ab
2024-12-20 17:46:23,360 - DEBUG - Adding colons to MAC f46add7e79ab
2024-12-20 17:46:23,362 - DEBUG - Starting new HTTP connection (1): localhost:8000
2024-12-20 17:46:25,565 - DEBUG - http://localhost:8000 "GET /list-computer?mac=F4-6A-DD-7E-79-AB HTTP/11" 200 232
2024-12-23 08:53:18,584 - DEBUG - Initializing 'ip4' method cache (platform: 'windows')
2024-12-23 08:53:18,588 - DEBUG - Finished initializing 'ip4' method cache
2024-12-23 08:53:18,589 - DEBUG - Raw MAC found: f46add7e79ab
2024-12-23 08:53:18,590 - DEBUG - Adding colons to MAC f46add7e79ab
2024-12-23 08:53:18,594 - DEBUG - Starting new HTTP connection (1): localhost:8000
2024-12-23 08:53:20,825 - DEBUG - http://localhost:8000 "GET /list-computer?mac=F4-6A-DD-7E-79-AB HTTP/11" 200 232
2024-12-23 09:03:11,764 - DEBUG - Initializing 'ip4' method cache (platform: 'windows')
2024-12-23 09:03:11,766 - DEBUG - Finished initializing 'ip4' method cache
2024-12-23 09:03:11,768 - DEBUG - Raw MAC found: f46add7e79ab
2024-12-23 09:03:11,768 - DEBUG - Adding colons to MAC f46add7e79ab
2024-12-23 09:03:11,772 - DEBUG - Starting new HTTP connection (1): localhost:8000
2024-12-23 09:03:14,109 - DEBUG - http://localhost:8000 "GET /list-computer?mac=F4-6A-DD-7E-79-AB HTTP/11" 200 232
2024-12-23 09:03:14,110 - CRITICAL - Erro fatal, o script não pode continuar: list indices must be integers or slices, not str
2024-12-23 09:03:51,923 - DEBUG - Initializing 'ip4' method cache (platform: 'windows')
2024-12-23 09:03:51,926 - DEBUG - Finished initializing 'ip4' method cache
2024-12-23 09:03:51,927 - DEBUG - Raw MAC found: f46add7e79ab
2024-12-23 09:03:51,927 - DEBUG - Adding colons to MAC f46add7e79ab
2024-12-23 09:03:51,930 - DEBUG - Starting new HTTP connection (1): localhost:8000
2024-12-23 09:03:54,021 - DEBUG - http://localhost:8000 "GET /list-computer?mac=F4-6A-DD-7E-79-AB HTTP/11" 200 232
2024-12-23 09:04:23,119 - DEBUG - Initializing 'ip4' method cache (platform: 'windows')
2024-12-23 09:04:23,122 - DEBUG - Finished initializing 'ip4' method cache
2024-12-23 09:04:23,123 - DEBUG - Raw MAC found: f46add7e79ab
2024-12-23 09:04:23,123 - DEBUG - Adding colons to MAC f46add7e79ab
2024-12-23 09:04:23,126 - DEBUG - Starting new HTTP connection (1): localhost:8000
2024-12-23 09:04:25,235 - DEBUG - http://localhost:8000 "GET /list-computer?mac=F4-6A-DD-7E-79-AB HTTP/11" 200 232
2024-12-23 09:04:25,236 - CRITICAL - Erro fatal, o script não pode continuar: list indices must be integers or slices, not str
2024-12-23 09:06:43,723 - DEBUG - Initializing 'ip4' method cache (platform: 'windows')
2024-12-23 09:06:43,725 - DEBUG - Finished initializing 'ip4' method cache
2024-12-23 09:06:43,726 - DEBUG - Raw MAC found: f46add7e79ab
2024-12-23 09:06:43,727 - DEBUG - Adding colons to MAC f46add7e79ab
2024-12-23 09:06:43,730 - DEBUG - Starting new HTTP connection (1): localhost:8000
2024-12-23 09:06:46,012 - DEBUG - http://localhost:8000 "GET /list-computer?mac=F4-6A-DD-7E-79-AB HTTP/11" 200 232
2024-12-23 09:07:46,054 - DEBUG - Initializing 'ip4' method cache (platform: 'windows')
2024-12-23 09:07:46,056 - DEBUG - Finished initializing 'ip4' method cache
2024-12-23 09:07:46,057 - DEBUG - Raw MAC found: f46add7e79ab
2024-12-23 09:07:46,058 - DEBUG - Adding colons to MAC f46add7e79ab
2024-12-23 09:07:46,061 - DEBUG - Starting new HTTP connection (1): localhost:8000
2024-12-23 09:07:48,283 - DEBUG - http://localhost:8000 "GET /list-computer?mac=F4-6A-DD-7E-79-AB HTTP/11" 200 232
2024-12-23 09:09:24,367 - DEBUG - Initializing 'ip4' method cache (platform: 'windows')
2024-12-23 09:09:24,370 - DEBUG - Finished initializing 'ip4' method cache
2024-12-23 09:09:24,372 - DEBUG - Raw MAC found: f46add7e79ab
2024-12-23 09:09:24,372 - DEBUG - Adding colons to MAC f46add7e79ab
2024-12-23 09:09:24,378 - DEBUG - Starting new HTTP connection (1): localhost:8000
2024-12-23 09:09:26,486 - DEBUG - http://localhost:8000 "GET /list-computer?mac=F4-6A-DD-7E-79-AB HTTP/11" 200 232
2024-12-23 09:11:57,522 - DEBUG - Initializing 'ip4' method cache (platform: 'windows')
2024-12-23 09:11:57,524 - DEBUG - Finished initializing 'ip4' method cache
2024-12-23 09:11:57,525 - DEBUG - Raw MAC found: f46add7e79ab
2024-12-23 09:11:57,525 - DEBUG - Adding colons to MAC f46add7e79ab
2024-12-23 09:11:57,528 - DEBUG - Starting new HTTP connection (1): localhost:8000
2024-12-23 09:11:59,640 - DEBUG - http://localhost:8000 "GET /list-computer?mac=F4-6A-DD-7E-79-AB HTTP/11" 200 232
2024-12-23 09:13:11,431 - DEBUG - Initializing 'ip4' method cache (platform: 'windows')
2024-12-23 09:13:11,433 - DEBUG - Finished initializing 'ip4' method cache
2024-12-23 09:13:11,434 - DEBUG - Raw MAC found: f46add7e79ab
2024-12-23 09:13:11,435 - DEBUG - Adding colons to MAC f46add7e79ab
2024-12-23 09:13:11,437 - DEBUG - Starting new HTTP connection (1): localhost:8000
2024-12-23 09:13:13,534 - DEBUG - http://localhost:8000 "GET /list-computer?mac=F4-6A-DD-7E-79-AB HTTP/11" 200 232
2024-12-23 09:13:13,536 - DEBUG - Starting new HTTP connection (1): localhost:8000
2024-12-23 09:13:15,840 - DEBUG - http://localhost:8000 "POST /create-metrics HTTP/11" 200 269
2024-12-23 09:29:18,079 - DEBUG - Initializing 'ip4' method cache (platform: 'windows')
2024-12-23 09:29:18,081 - DEBUG - Finished initializing 'ip4' method cache
2024-12-23 09:29:18,083 - DEBUG - Raw MAC found: f46add7e79ab
2024-12-23 09:29:18,083 - DEBUG - Adding colons to MAC f46add7e79ab
2024-12-23 09:29:18,088 - DEBUG - Starting new HTTP connection (1): localhost:8000
2024-12-23 09:29:20,388 - DEBUG - http://localhost:8000 "GET /list-computer?mac=F4-6A-DD-7E-79-AB HTTP/11" 200 232
2024-12-23 09:29:20,390 - DEBUG - Starting new HTTP connection (1): localhost:8000
2024-12-23 09:29:22,674 - DEBUG - http://localhost:8000 "POST /create-metrics HTTP/11" 500 137
2024-12-23 09:29:22,677 - DEBUG - Starting new HTTP connection (1): localhost:8000
2024-12-23 09:29:24,897 - DEBUG - http://localhost:8000 "GET /list-disks?id_computador=05936180-5750-4edc-b55e-7dfc10d8ef8d HTTP/11" 500 85
2024-12-23 09:33:49,848 - DEBUG - Initializing 'ip4' method cache (platform: 'windows')
2024-12-23 09:33:49,851 - DEBUG - Finished initializing 'ip4' method cache
2024-12-23 09:33:49,853 - DEBUG - Raw MAC found: f46add7e79ab
2024-12-23 09:33:49,853 - DEBUG - Adding colons to MAC f46add7e79ab
2024-12-23 09:33:49,857 - DEBUG - Starting new HTTP connection (1): localhost:8000
2024-12-23 09:33:51,968 - DEBUG - http://localhost:8000 "GET /list-computer?mac=F4-6A-DD-7E-79-AB HTTP/11" 200 232
2024-12-23 09:33:51,970 - DEBUG - Starting new HTTP connection (1): localhost:8000
2024-12-23 09:33:54,061 - DEBUG - http://localhost:8000 "GET /list-monitoramento?id=05936180-5750-4edc-b55e-7dfc10d8ef8d HTTP/11" 200 348
2024-12-23 09:33:54,062 - DEBUG - Starting new HTTP connection (1): localhost:8000
2024-12-23 09:33:56,276 - DEBUG - http://localhost:8000 "GET /list-disks?id_computador=05936180-5750-4edc-b55e-7dfc10d8ef8d HTTP/11" 500 85
2024-12-23 10:02:38,950 - DEBUG - Initializing 'ip4' method cache (platform: 'windows')
2024-12-23 10:02:38,953 - DEBUG - Finished initializing 'ip4' method cache
2024-12-23 10:02:38,954 - DEBUG - Raw MAC found: f46add7e79ab
2024-12-23 10:02:38,954 - DEBUG - Adding colons to MAC f46add7e79ab
2024-12-23 10:02:38,958 - DEBUG - Starting new HTTP connection (1): localhost:8000
2024-12-23 10:02:41,193 - DEBUG - http://localhost:8000 "GET /list-computer?mac=F4-6A-DD-7E-79-AB HTTP/11" 200 232
2024-12-23 10:02:41,195 - DEBUG - Starting new HTTP connection (1): localhost:8000
2024-12-23 10:02:43,404 - DEBUG - http://localhost:8000 "GET /list-monitoramento?id=05936180-5750-4edc-b55e-7dfc10d8ef8d HTTP/11" 200 348
2024-12-23 10:02:43,405 - DEBUG - Starting new HTTP connection (1): localhost:8000
2024-12-23 10:02:45,593 - DEBUG - http://localhost:8000 "GET /list-disks?id_computador=05936180-5750-4edc-b55e-7dfc10d8ef8d HTTP/11" 500 85
2024-12-23 10:05:00,450 - DEBUG - Initializing 'ip4' method cache (platform: 'windows')
2024-12-23 10:05:00,453 - DEBUG - Finished initializing 'ip4' method cache
2024-12-23 10:05:00,454 - DEBUG - Raw MAC found: f46add7e79ab
2024-12-23 10:05:00,454 - DEBUG - Adding colons to MAC f46add7e79ab
2024-12-23 10:05:00,457 - DEBUG - Starting new HTTP connection (1): localhost:8000
2024-12-23 10:05:02,537 - DEBUG - http://localhost:8000 "GET /list-computer?mac=F4-6A-DD-7E-79-AB HTTP/11" 200 232
2024-12-23 10:05:02,539 - DEBUG - Starting new HTTP connection (1): localhost:8000
2024-12-23 10:05:04,630 - DEBUG - http://localhost:8000 "GET /list-monitoramento?id=05936180-5750-4edc-b55e-7dfc10d8ef8d HTTP/11" 200 348
2024-12-23 10:05:04,632 - DEBUG - Starting new HTTP connection (1): localhost:8000
2024-12-23 10:05:06,802 - DEBUG - http://localhost:8000 "GET /list-disks?id_computador=05936180-5750-4edc-b55e-7dfc10d8ef8d HTTP/11" 500 85
2024-12-23 10:05:42,912 - DEBUG - Initializing 'ip4' method cache (platform: 'windows')
2024-12-23 10:05:42,916 - DEBUG - Finished initializing 'ip4' method cache
2024-12-23 10:05:42,918 - DEBUG - Raw MAC found: f46add7e79ab
2024-12-23 10:05:42,919 - DEBUG - Adding colons to MAC f46add7e79ab
2024-12-23 10:05:42,925 - DEBUG - Starting new HTTP connection (1): localhost:8000
2024-12-23 10:05:45,074 - DEBUG - http://localhost:8000 "GET /list-computer?mac=F4-6A-DD-7E-79-AB HTTP/11" 200 232
2024-12-23 10:05:45,076 - DEBUG - Starting new HTTP connection (1): localhost:8000
2024-12-23 10:05:47,263 - DEBUG - http://localhost:8000 "GET /list-monitoramento?id=05936180-5750-4edc-b55e-7dfc10d8ef8d HTTP/11" 200 348
2024-12-23 10:05:47,265 - DEBUG - Starting new HTTP connection (1): localhost:8000
2024-12-23 10:05:49,313 - DEBUG - http://localhost:8000 "GET /list-disks?id=05936180-5750-4edc-b55e-7dfc10d8ef8d HTTP/11" 422 99
2024-12-23 10:06:56,315 - DEBUG - Initializing 'ip4' method cache (platform: 'windows')
2024-12-23 10:06:56,318 - DEBUG - Finished initializing 'ip4' method cache
2024-12-23 10:06:56,319 - DEBUG - Raw MAC found: f46add7e79ab
2024-12-23 10:06:56,319 - DEBUG - Adding colons to MAC f46add7e79ab
2024-12-23 10:06:56,322 - DEBUG - Starting new HTTP connection (1): localhost:8000
2024-12-23 10:06:58,423 - DEBUG - http://localhost:8000 "GET /list-computer?mac=F4-6A-DD-7E-79-AB HTTP/11" 200 232
2024-12-23 10:06:58,425 - DEBUG - Starting new HTTP connection (1): localhost:8000
2024-12-23 10:07:00,521 - DEBUG - http://localhost:8000 "GET /list-monitoramento?id=05936180-5750-4edc-b55e-7dfc10d8ef8d HTTP/11" 200 348
2024-12-23 10:07:00,523 - DEBUG - Starting new HTTP connection (1): localhost:8000
2024-12-23 10:07:02,574 - DEBUG - http://localhost:8000 "GET /list-disks?id=05936180-5750-4edc-b55e-7dfc10d8ef8d HTTP/11" 422 99
2024-12-23 10:08:15,101 - DEBUG - Initializing 'ip4' method cache (platform: 'windows')
2024-12-23 10:08:15,103 - DEBUG - Finished initializing 'ip4' method cache
2024-12-23 10:08:15,104 - DEBUG - Raw MAC found: f46add7e79ab
2024-12-23 10:08:15,105 - DEBUG - Adding colons to MAC f46add7e79ab
2024-12-23 10:08:15,108 - DEBUG - Starting new HTTP connection (1): localhost:8000
2024-12-23 10:08:17,240 - DEBUG - http://localhost:8000 "GET /list-computer?mac=F4-6A-DD-7E-79-AB HTTP/11" 200 232
2024-12-23 10:08:17,242 - DEBUG - Starting new HTTP connection (1): localhost:8000
2024-12-23 10:08:19,428 - DEBUG - http://localhost:8000 "GET /list-monitoramento?id=05936180-5750-4edc-b55e-7dfc10d8ef8d HTTP/11" 200 348
2024-12-23 10:08:19,430 - DEBUG - Starting new HTTP connection (1): localhost:8000
2024-12-23 10:08:21,611 - DEBUG - http://localhost:8000 "GET /list-disks?id_computador=05936180-5750-4edc-b55e-7dfc10d8ef8d HTTP/11" 500 85
2024-12-23 10:12:55,896 - DEBUG - Initializing 'ip4' method cache (platform: 'windows')
2024-12-23 10:12:55,898 - DEBUG - Finished initializing 'ip4' method cache
2024-12-23 10:12:55,900 - DEBUG - Raw MAC found: f46add7e79ab
2024-12-23 10:12:55,900 - DEBUG - Adding colons to MAC f46add7e79ab
2024-12-23 10:12:55,904 - DEBUG - Starting new HTTP connection (1): localhost:8000
2024-12-23 10:12:58,232 - DEBUG - http://localhost:8000 "GET /list-computer?mac=F4-6A-DD-7E-79-AB HTTP/11" 200 232
2024-12-23 10:12:58,235 - DEBUG - Starting new HTTP connection (1): localhost:8000
2024-12-23 10:13:00,321 - DEBUG - http://localhost:8000 "GET /list-monitoramento?id=05936180-5750-4edc-b55e-7dfc10d8ef8d HTTP/11" 200 348
2024-12-23 10:13:00,322 - DEBUG - Starting new HTTP connection (1): localhost:8000
2024-12-23 10:13:02,424 - DEBUG - http://localhost:8000 "GET /list-disks?id_computador=05936180-5750-4edc-b55e-7dfc10d8ef8d HTTP/11" 500 85
2024-12-23 10:15:31,301 - DEBUG - Initializing 'ip4' method cache (platform: 'windows')
2024-12-23 10:15:31,303 - DEBUG - Finished initializing 'ip4' method cache
2024-12-23 10:15:31,305 - DEBUG - Raw MAC found: f46add7e79ab
2024-12-23 10:15:31,305 - DEBUG - Adding colons to MAC f46add7e79ab
2024-12-23 10:15:31,310 - DEBUG - Starting new HTTP connection (1): localhost:8000
2024-12-23 10:15:33,561 - DEBUG - http://localhost:8000 "GET /list-computer?mac=F4-6A-DD-7E-79-AB HTTP/11" 200 232
2024-12-23 10:15:33,564 - DEBUG - Starting new HTTP connection (1): localhost:8000
2024-12-23 10:15:35,644 - DEBUG - http://localhost:8000 "GET /list-monitoramento?id=05936180-5750-4edc-b55e-7dfc10d8ef8d HTTP/11" 200 348
2024-12-23 10:15:35,646 - DEBUG - Starting new HTTP connection (1): localhost:8000
2024-12-23 10:15:37,840 - DEBUG - http://localhost:8000 "GET /list-disks?id_computador=05936180-5750-4edc-b55e-7dfc10d8ef8d HTTP/11" 500 85
2024-12-23 10:20:17,239 - DEBUG - Initializing 'ip4' method cache (platform: 'windows')
2024-12-23 10:20:17,241 - DEBUG - Finished initializing 'ip4' method cache
2024-12-23 10:20:17,242 - DEBUG - Raw MAC found: f46add7e79ab
2024-12-23 10:20:17,242 - DEBUG - Adding colons to MAC f46add7e79ab
2024-12-23 10:20:17,246 - DEBUG - Starting new HTTP connection (1): localhost:8000
2024-12-23 10:20:19,447 - DEBUG - http://localhost:8000 "GET /list-computer?mac=F4-6A-DD-7E-79-AB HTTP/11" 200 232
2024-12-23 10:20:19,449 - DEBUG - Starting new HTTP connection (1): localhost:8000
2024-12-23 10:20:21,636 - DEBUG - http://localhost:8000 "GET /list-monitoramento?id=05936180-5750-4edc-b55e-7dfc10d8ef8d HTTP/11" 200 348
2024-12-23 10:20:21,638 - DEBUG - Starting new HTTP connection (1): localhost:8000
2024-12-23 10:20:23,806 - DEBUG - http://localhost:8000 "GET /list-disks?id_computador=05936180-5750-4edc-b55e-7dfc10d8ef8d HTTP/11" 404 52
2024-12-23 10:21:39,748 - DEBUG - Initializing 'ip4' method cache (platform: 'windows')
2024-12-23 10:21:39,750 - DEBUG - Finished initializing 'ip4' method cache
2024-12-23 10:21:39,752 - DEBUG - Raw MAC found: f46add7e79ab
2024-12-23 10:21:39,752 - DEBUG - Adding colons to MAC f46add7e79ab
2024-12-23 10:21:39,755 - DEBUG - Starting new HTTP connection (1): localhost:8000
2024-12-23 10:21:41,934 - DEBUG - http://localhost:8000 "GET /list-computer?mac=F4-6A-DD-7E-79-AB HTTP/11" 200 232
2024-12-23 10:21:41,936 - DEBUG - Starting new HTTP connection (1): localhost:8000
2024-12-23 10:21:44,010 - DEBUG - http://localhost:8000 "GET /list-monitoramento?id=05936180-5750-4edc-b55e-7dfc10d8ef8d HTTP/11" 200 348
2024-12-23 10:21:44,011 - DEBUG - Starting new HTTP connection (1): localhost:8000
2024-12-23 10:21:46,210 - DEBUG - http://localhost:8000 "GET /list-disks?id_computador=05936180-5750-4edc-b55e-7dfc10d8ef8d HTTP/11" 404 52
2024-12-23 10:27:06,899 - DEBUG - Initializing 'ip4' method cache (platform: 'windows')
2024-12-23 10:27:06,902 - DEBUG - Finished initializing 'ip4' method cache
2024-12-23 10:27:06,903 - DEBUG - Raw MAC found: f46add7e79ab
2024-12-23 10:27:06,903 - DEBUG - Adding colons to MAC f46add7e79ab
2024-12-23 10:27:06,907 - DEBUG - Starting new HTTP connection (1): localhost:8000
2024-12-23 10:27:09,084 - DEBUG - http://localhost:8000 "GET /list-computer?mac=F4-6A-DD-7E-79-AB HTTP/11" 200 232
2024-12-23 10:27:09,087 - DEBUG - Starting new HTTP connection (1): localhost:8000
2024-12-23 10:27:11,178 - DEBUG - http://localhost:8000 "GET /list-monitoramento?id=05936180-5750-4edc-b55e-7dfc10d8ef8d HTTP/11" 200 348
2024-12-23 10:27:11,179 - DEBUG - Starting new HTTP connection (1): localhost:8000
2024-12-23 10:27:13,414 - DEBUG - http://localhost:8000 "GET /list-disks?id_computador=05936180-5750-4edc-b55e-7dfc10d8ef8d HTTP/11" 404 52
2024-12-23 10:30:58,096 - DEBUG - Initializing 'ip4' method cache (platform: 'windows')
2024-12-23 10:30:58,098 - DEBUG - Finished initializing 'ip4' method cache
2024-12-23 10:30:58,100 - DEBUG - Raw MAC found: f46add7e79ab
2024-12-23 10:30:58,100 - DEBUG - Adding colons to MAC f46add7e79ab
2024-12-23 10:30:58,104 - DEBUG - Starting new HTTP connection (1): localhost:8000
2024-12-23 10:31:00,486 - DEBUG - http://localhost:8000 "GET /list-computer?mac=F4-6A-DD-7E-79-AB HTTP/11" 200 232
2024-12-23 10:31:00,489 - DEBUG - Starting new HTTP connection (1): localhost:8000
2024-12-23 10:31:02,581 - DEBUG - http://localhost:8000 "GET /list-monitoramento?id=05936180-5750-4edc-b55e-7dfc10d8ef8d HTTP/11" 200 348
2024-12-23 10:31:02,582 - DEBUG - Starting new HTTP connection (1): localhost:8000
2024-12-23 10:31:04,810 - DEBUG - http://localhost:8000 "POST /create-disks HTTP/11" 200 159
2024-12-23 10:34:53,786 - DEBUG - Initializing 'ip4' method cache (platform: 'windows')
2024-12-23 10:34:53,788 - DEBUG - Finished initializing 'ip4' method cache
2024-12-23 10:34:53,789 - DEBUG - Raw MAC found: f46add7e79ab
2024-12-23 10:34:53,789 - DEBUG - Adding colons to MAC f46add7e79ab
2024-12-23 10:34:53,793 - DEBUG - Starting new HTTP connection (1): localhost:8000
2024-12-23 10:34:56,116 - DEBUG - http://localhost:8000 "GET /list-computer?mac=F4-6A-DD-7E-79-AB HTTP/11" 200 232
2024-12-23 10:34:56,118 - DEBUG - Starting new HTTP connection (1): localhost:8000
2024-12-23 10:34:58,322 - DEBUG - http://localhost:8000 "GET /list-monitoramento?id=05936180-5750-4edc-b55e-7dfc10d8ef8d HTTP/11" 200 348
2024-12-23 10:34:58,323 - CRITICAL - Erro fatal, o script não pode continuar: cannot access local variable 'send_disk_data' where it is not associated with a value
2024-12-23 10:35:23,500 - DEBUG - Initializing 'ip4' method cache (platform: 'windows')
2024-12-23 10:35:23,504 - DEBUG - Finished initializing 'ip4' method cache
2024-12-23 10:35:23,505 - DEBUG - Raw MAC found: f46add7e79ab
2024-12-23 10:35:23,505 - DEBUG - Adding colons to MAC f46add7e79ab
2024-12-23 10:35:23,508 - DEBUG - Starting new HTTP connection (1): localhost:8000
2024-12-23 10:35:25,676 - DEBUG - http://localhost:8000 "GET /list-computer?mac=F4-6A-DD-7E-79-AB HTTP/11" 200 232
2024-12-23 10:35:25,678 - DEBUG - Starting new HTTP connection (1): localhost:8000
2024-12-23 10:35:27,873 - DEBUG - http://localhost:8000 "GET /list-monitoramento?id=05936180-5750-4edc-b55e-7dfc10d8ef8d HTTP/11" 200 348
2024-12-23 10:35:27,874 - CRITICAL - Erro fatal, o script não pode continuar: update_metrics() missing 1 required positional argument: 'dados_monitoramento'
2024-12-23 10:37:15,799 - DEBUG - Initializing 'ip4' method cache (platform: 'windows')
2024-12-23 10:37:15,801 - DEBUG - Finished initializing 'ip4' method cache
2024-12-23 10:37:15,802 - DEBUG - Raw MAC found: f46add7e79ab
2024-12-23 10:37:15,802 - DEBUG - Adding colons to MAC f46add7e79ab
2024-12-23 10:37:15,806 - DEBUG - Starting new HTTP connection (1): localhost:8000
2024-12-23 10:37:18,007 - DEBUG - http://localhost:8000 "GET /list-computer?mac=F4-6A-DD-7E-79-AB HTTP/11" 200 232
2024-12-23 10:37:18,009 - DEBUG - Starting new HTTP connection (1): localhost:8000
2024-12-23 10:37:20,109 - DEBUG - http://localhost:8000 "GET /list-monitoramento?id=05936180-5750-4edc-b55e-7dfc10d8ef8d HTTP/11" 200 348
2024-12-23 10:37:20,111 - DEBUG - Starting new HTTP connection (1): localhost:8000
2024-12-23 10:37:22,242 - DEBUG - http://localhost:8000 "PUT /update-metrics?id=05936180-5750-4edc-b55e-7dfc10d8ef8d HTTP/11" 422 403
2024-12-23 10:37:22,244 - DEBUG - Starting new HTTP connection (1): localhost:8000
2024-12-23 10:37:24,411 - DEBUG - http://localhost:8000 "POST /create-disks HTTP/11" 500 130
2024-12-23 10:40:04,118 - DEBUG - Initializing 'ip4' method cache (platform: 'windows')
2024-12-23 10:40:04,121 - DEBUG - Finished initializing 'ip4' method cache
2024-12-23 10:40:04,122 - DEBUG - Raw MAC found: f46add7e79ab
2024-12-23 10:40:04,122 - DEBUG - Adding colons to MAC f46add7e79ab
2024-12-23 10:40:04,126 - DEBUG - Starting new HTTP connection (1): localhost:8000
2024-12-23 10:40:06,328 - DEBUG - http://localhost:8000 "GET /list-computer?mac=F4-6A-DD-7E-79-AB HTTP/11" 200 232
2024-12-23 10:40:06,330 - DEBUG - Starting new HTTP connection (1): localhost:8000
2024-12-23 10:40:08,414 - DEBUG - http://localhost:8000 "GET /list-monitoramento?id=05936180-5750-4edc-b55e-7dfc10d8ef8d HTTP/11" 200 348
2024-12-23 10:40:08,416 - DEBUG - Starting new HTTP connection (1): localhost:8000
2024-12-23 10:40:10,504 - DEBUG - http://localhost:8000 "PUT /update-metrics?id=05936180-5750-4edc-b55e-7dfc10d8ef8d HTTP/11" 422 490
2024-12-23 10:40:10,506 - DEBUG - Starting new HTTP connection (1): localhost:8000
2024-12-23 10:40:12,724 - DEBUG - http://localhost:8000 "POST /create-disks HTTP/11" 500 130
2024-12-23 10:43:50,063 - DEBUG - Initializing 'ip4' method cache (platform: 'windows')
2024-12-23 10:43:50,067 - DEBUG - Finished initializing 'ip4' method cache
2024-12-23 10:43:50,068 - DEBUG - Raw MAC found: f46add7e79ab
2024-12-23 10:43:50,068 - DEBUG - Adding colons to MAC f46add7e79ab
2024-12-23 10:43:50,073 - DEBUG - Starting new HTTP connection (1): localhost:8000
2024-12-23 10:43:52,240 - DEBUG - http://localhost:8000 "GET /list-computer?mac=F4-6A-DD-7E-79-AB HTTP/11" 200 232
2024-12-23 10:43:52,242 - DEBUG - Starting new HTTP connection (1): localhost:8000
2024-12-23 10:43:54,438 - DEBUG - http://localhost:8000 "GET /list-monitoramento?id=05936180-5750-4edc-b55e-7dfc10d8ef8d HTTP/11" 200 348
2024-12-23 10:43:54,440 - DEBUG - Starting new HTTP connection (1): localhost:8000
2024-12-23 10:43:56,497 - DEBUG - http://localhost:8000 "PUT /update-metrics?id=05936180-5750-4edc-b55e-7dfc10d8ef8d HTTP/11" 422 489
2024-12-23 10:43:56,499 - DEBUG - Starting new HTTP connection (1): localhost:8000
2024-12-23 10:43:58,666 - DEBUG - http://localhost:8000 "POST /create-disks HTTP/11" 500 130
2024-12-23 10:57:45,085 - DEBUG - Initializing 'ip4' method cache (platform: 'windows')
2024-12-23 10:57:45,088 - DEBUG - Finished initializing 'ip4' method cache
2024-12-23 10:57:45,090 - DEBUG - Raw MAC found: f46add7e79ab
2024-12-23 10:57:45,090 - DEBUG - Adding colons to MAC f46add7e79ab
2024-12-23 10:57:45,094 - DEBUG - Starting new HTTP connection (1): localhost:8000
2024-12-23 10:57:47,366 - DEBUG - http://localhost:8000 "GET /list-computer?mac=F4-6A-DD-7E-79-AB HTTP/11" 200 232
2024-12-23 10:57:47,369 - DEBUG - Starting new HTTP connection (1): localhost:8000
2024-12-23 10:57:49,579 - DEBUG - http://localhost:8000 "GET /list-monitoramento?id=05936180-5750-4edc-b55e-7dfc10d8ef8d HTTP/11" 200 306
2024-12-23 10:57:49,581 - DEBUG - Starting new HTTP connection (1): localhost:8000
2024-12-23 10:57:51,641 - DEBUG - http://localhost:8000 "PUT /update-metrics?id=05936180-5750-4edc-b55e-7dfc10d8ef8d HTTP/11" 422 491
2024-12-23 10:57:51,643 - DEBUG - Starting new HTTP connection (1): localhost:8000
2024-12-23 10:57:53,836 - DEBUG - http://localhost:8000 "POST /create-disks HTTP/11" 500 130
2024-12-23 14:51:26,643 - INFO - Coletando métricas do sistema...
2024-12-23 14:51:29,253 - DEBUG - Initializing 'ip4' method cache (platform: 'windows')
2024-12-23 14:51:29,255 - DEBUG - Finished initializing 'ip4' method cache
2024-12-23 14:51:29,256 - DEBUG - Raw MAC found: f46add7e79ab
2024-12-23 14:51:29,256 - DEBUG - Adding colons to MAC f46add7e79ab
2024-12-23 14:51:29,257 - DEBUG - Métricas coletadas: {'hostname': 'DESKTOP-MMSRVE2', 'ip_local': '192.168.5.69', 'mac': 'F4-6A-DD-7E-79-AB', 'cpu_info': 'AMD Ryzen 5 7520U with Radeon Graphics', 'cpu_percent': 1.8, 'memoria_total': 5.739498138427734, 'memoria_livre': 0.4907951354980469, 'ram_percent': 91.4, 'partitions': [{'unidade': 'C:\\', 'espaco_total_GB': 237.83945846557617, 'espaco_livre_GB': 37.41505432128906, 'uso_percentual': 84.3}, {'unidade': 'D:\\', 'espaco_total_GB': 28.620094299316406, 'espaco_livre_GB': 2.099639892578125, 'uso_percentual': 92.7}]}
2024-12-23 14:51:29,260 - DEBUG - Starting new HTTP connection (1): localhost:8000
2024-12-23 14:51:31,443 - DEBUG - http://localhost:8000 "GET /list-computer?mac=F4-6A-DD-7E-79-AB HTTP/11" 200 232
2024-12-23 14:51:31,444 - DEBUG - Starting new HTTP connection (1): localhost:8000
2024-12-23 14:51:33,533 - DEBUG - http://localhost:8000 "GET /list-monitoramento?id=05936180-5750-4edc-b55e-7dfc10d8ef8d HTTP/11" 200 380
2024-12-23 14:51:33,534 - INFO - Atualizando dados de métricas existentes.
2024-12-23 14:51:33,535 - DEBUG - Starting new HTTP connection (1): localhost:8000
2024-12-23 14:51:35,764 - DEBUG - http://localhost:8000 "PUT /update-metrics?id_computador=05936180-5750-4edc-b55e-7dfc10d8ef8d HTTP/11" 200 374
2024-12-23 14:51:35,766 - DEBUG - Starting new HTTP connection (1): localhost:8000
2024-12-23 14:51:37,843 - DEBUG - http://localhost:8000 "GET /list-disks?id_computador=05936180-5750-4edc-b55e-7dfc10d8ef8d HTTP/11" 200 221
2024-12-23 14:51:37,845 - CRITICAL - Erro fatal: string indices must be integers, not 'str'
2024-12-23 14:54:57,215 - INFO - Coletando métricas do sistema...
2024-12-23 14:55:37,378 - INFO - Coletando métricas do sistema...
2024-12-23 14:55:39,956 - DEBUG - Initializing 'ip4' method cache (platform: 'windows')
2024-12-23 14:55:39,959 - DEBUG - Finished initializing 'ip4' method cache
2024-12-23 14:55:39,959 - DEBUG - Raw MAC found: f46add7e79ab
2024-12-23 14:55:39,959 - DEBUG - Adding colons to MAC f46add7e79ab
2024-12-23 14:55:39,960 - DEBUG - Métricas coletadas: {'hostname': 'DESKTOP-MMSRVE2', 'ip_local': '192.168.5.69', 'mac': 'F4-6A-DD-7E-79-AB', 'cpu_info': 'AMD Ryzen 5 7520U with Radeon Graphics', 'cpu_percent': 1.6, 'memoria_total': 5.739498138427734, 'memoria_livre': 0.7022285461425781, 'ram_percent': 87.8, 'partitions': [{'unidade': 'C:\\', 'espaco_total_GB': 237.83945846557617, 'espaco_livre_GB': 37.429195404052734, 'uso_percentual': 84.3}, {'unidade': 'D:\\', 'espaco_total_GB': 28.620094299316406, 'espaco_livre_GB': 2.099639892578125, 'uso_percentual': 92.7}]}
2024-12-23 14:55:39,963 - DEBUG - Starting new HTTP connection (1): localhost:8000
2024-12-23 14:55:42,050 - DEBUG - http://localhost:8000 "GET /list-computer?mac=F4-6A-DD-7E-79-AB HTTP/11" 200 232
2024-12-23 14:55:42,051 - DEBUG - Starting new HTTP connection (1): localhost:8000
2024-12-23 14:55:44,138 - DEBUG - http://localhost:8000 "GET /list-monitoramento?id=05936180-5750-4edc-b55e-7dfc10d8ef8d HTTP/11" 200 348
2024-12-23 14:55:44,139 - INFO - Atualizando dados de métricas existentes.
2024-12-23 14:55:44,140 - DEBUG - Starting new HTTP connection (1): localhost:8000
2024-12-23 14:55:46,338 - DEBUG - http://localhost:8000 "PUT /update-metrics?id_computador=05936180-5750-4edc-b55e-7dfc10d8ef8d HTTP/11" 200 374
2024-12-23 14:55:46,340 - DEBUG - Starting new HTTP connection (1): localhost:8000
2024-12-23 14:55:48,542 - DEBUG - http://localhost:8000 "GET /list-disks?id_computador=05936180-5750-4edc-b55e-7dfc10d8ef8d HTTP/11" 200 221
2024-12-23 14:55:48,543 - INFO - Disco C:\ já registrado.
2024-12-23 14:55:48,543 - INFO - Registrando dados do disco D:\
2024-12-23 14:55:48,544 - DEBUG - Starting new HTTP connection (1): localhost:8000
2024-12-23 14:55:50,748 - DEBUG - http://localhost:8000 "POST /create-disks HTTP/11" 200 158
2024-12-23 14:57:19,931 - INFO - Coletando métricas do sistema...
2024-12-23 14:57:22,523 - DEBUG - Initializing 'ip4' method cache (platform: 'windows')
2024-12-23 14:57:22,525 - DEBUG - Finished initializing 'ip4' method cache
2024-12-23 14:57:22,525 - DEBUG - Raw MAC found: f46add7e79ab
2024-12-23 14:57:22,526 - DEBUG - Adding colons to MAC f46add7e79ab
2024-12-23 14:57:22,527 - DEBUG - Métricas coletadas: {'hostname': 'DESKTOP-MMSRVE2', 'ip_local': '192.168.5.69', 'mac': 'F4-6A-DD-7E-79-AB', 'cpu_info': 'AMD Ryzen 5 7520U with Radeon Graphics', 'cpu_percent': 3.7, 'memoria_total': 5.739498138427734, 'memoria_livre': 0.8447914123535156, 'ram_percent': 85.3, 'partitions': [{'unidade': 'C:\\', 'espaco_total_GB': 237.83945846557617, 'espaco_livre_GB': 37.42719268798828, 'uso_percentual': 84.3}, {'unidade': 'D:\\', 'espaco_total_GB': 28.620094299316406, 'espaco_livre_GB': 2.099639892578125, 'uso_percentual': 92.7}]}
2024-12-23 14:57:22,529 - DEBUG - Starting new HTTP connection (1): localhost:8000
2024-12-23 14:57:24,727 - DEBUG - http://localhost:8000 "GET /list-computer?mac=F4-6A-DD-7E-79-AB HTTP/11" 200 232
2024-12-23 14:57:24,729 - DEBUG - Starting new HTTP connection (1): localhost:8000
2024-12-23 14:57:26,916 - DEBUG - http://localhost:8000 "GET /list-monitoramento?id=05936180-5750-4edc-b55e-7dfc10d8ef8d HTTP/11" 200 347
2024-12-23 14:57:26,917 - INFO - Atualizando dados de métricas existentes.
2024-12-23 14:57:26,918 - DEBUG - Starting new HTTP connection (1): localhost:8000
2024-12-23 14:57:29,108 - DEBUG - http://localhost:8000 "PUT /update-metrics?id_computador=05936180-5750-4edc-b55e-7dfc10d8ef8d HTTP/11" 200 374
2024-12-23 14:57:29,110 - DEBUG - Starting new HTTP connection (1): localhost:8000
2024-12-23 14:57:31,300 - DEBUG - http://localhost:8000 "GET /list-disks?id_computador=05936180-5750-4edc-b55e-7dfc10d8ef8d HTTP/11" 200 221
2024-12-23 14:57:31,301 - INFO - Disco C:\ já registrado.
2024-12-23 14:57:31,301 - INFO - Registrando dados do disco D:\
2024-12-23 14:57:31,302 - DEBUG - Starting new HTTP connection (1): localhost:8000
2024-12-23 14:57:33,491 - DEBUG - http://localhost:8000 "POST /create-disks HTTP/11" 200 158
2024-12-23 14:58:12,764 - INFO - Coletando métricas do sistema...
2024-12-23 14:58:15,367 - DEBUG - Initializing 'ip4' method cache (platform: 'windows')
2024-12-23 14:58:15,369 - DEBUG - Finished initializing 'ip4' method cache
2024-12-23 14:58:15,369 - DEBUG - Raw MAC found: f46add7e79ab
2024-12-23 14:58:15,370 - DEBUG - Adding colons to MAC f46add7e79ab
2024-12-23 14:58:15,370 - DEBUG - Métricas coletadas: {'hostname': 'DESKTOP-MMSRVE2', 'ip_local': '192.168.5.69', 'mac': 'F4-6A-DD-7E-79-AB', 'cpu_info': 'AMD Ryzen 5 7520U with Radeon Graphics', 'cpu_percent': 6.6, 'memoria_total': 5.739498138427734, 'memoria_livre': 0.8448524475097656, 'ram_percent': 85.3, 'partitions': [{'unidade': 'C:\\', 'espaco_total_GB': 237.83945846557617, 'espaco_livre_GB': 37.42612838745117, 'uso_percentual': 84.3}, {'unidade': 'D:\\', 'espaco_total_GB': 28.620094299316406, 'espaco_livre_GB': 2.099639892578125, 'uso_percentual': 92.7}]}
2024-12-23 14:58:15,373 - DEBUG - Starting new HTTP connection (1): localhost:8000
2024-12-23 14:58:17,559 - DEBUG - http://localhost:8000 "GET /list-computer?mac=F4-6A-DD-7E-79-AB HTTP/11" 200 232
2024-12-23 14:58:17,560 - DEBUG - Starting new HTTP connection (1): localhost:8000
2024-12-23 14:58:19,628 - DEBUG - http://localhost:8000 "GET /list-monitoramento?id=05936180-5750-4edc-b55e-7dfc10d8ef8d HTTP/11" 200 348
2024-12-23 14:58:19,629 - INFO - Atualizando dados de métricas existentes.
2024-12-23 14:58:19,630 - DEBUG - Starting new HTTP connection (1): localhost:8000
2024-12-23 14:58:21,740 - DEBUG - http://localhost:8000 "PUT /update-metrics?id_computador=05936180-5750-4edc-b55e-7dfc10d8ef8d HTTP/11" 200 374
2024-12-23 14:58:21,742 - DEBUG - Starting new HTTP connection (1): localhost:8000
2024-12-23 14:58:23,905 - DEBUG - http://localhost:8000 "GET /list-disks?id_computador=05936180-5750-4edc-b55e-7dfc10d8ef8d HTTP/11" 200 221
2024-12-23 14:58:23,906 - CRITICAL - Erro fatal: string indices must be integers, not 'str'
2024-12-23 14:58:52,270 - INFO - Coletando métricas do sistema...
2024-12-23 14:58:54,845 - DEBUG - Initializing 'ip4' method cache (platform: 'windows')
2024-12-23 14:58:54,846 - DEBUG - Finished initializing 'ip4' method cache
2024-12-23 14:58:54,847 - DEBUG - Raw MAC found: f46add7e79ab
2024-12-23 14:58:54,847 - DEBUG - Adding colons to MAC f46add7e79ab
2024-12-23 14:58:54,847 - DEBUG - Métricas coletadas: {'hostname': 'DESKTOP-MMSRVE2', 'ip_local': '192.168.5.69', 'mac': 'F4-6A-DD-7E-79-AB', 'cpu_info': 'AMD Ryzen 5 7520U with Radeon Graphics', 'cpu_percent': 3.7, 'memoria_total': 5.739498138427734, 'memoria_livre': 0.8195724487304688, 'ram_percent': 85.7, 'partitions': [{'unidade': 'C:\\', 'espaco_total_GB': 237.83945846557617, 'espaco_livre_GB': 37.425350189208984, 'uso_percentual': 84.3}, {'unidade': 'D:\\', 'espaco_total_GB': 28.620094299316406, 'espaco_livre_GB': 2.099639892578125, 'uso_percentual': 92.7}]}
2024-12-23 14:58:54,850 - DEBUG - Starting new HTTP connection (1): localhost:8000
2024-12-23 14:58:57,050 - DEBUG - http://localhost:8000 "GET /list-computer?mac=F4-6A-DD-7E-79-AB HTTP/11" 200 232
2024-12-23 14:58:57,052 - DEBUG - Starting new HTTP connection (1): localhost:8000
2024-12-23 14:58:59,128 - DEBUG - http://localhost:8000 "GET /list-monitoramento?id=05936180-5750-4edc-b55e-7dfc10d8ef8d HTTP/11" 200 348
2024-12-23 14:58:59,129 - INFO - Atualizando dados de métricas existentes.
2024-12-23 14:58:59,131 - DEBUG - Starting new HTTP connection (1): localhost:8000
2024-12-23 14:59:01,357 - DEBUG - http://localhost:8000 "PUT /update-metrics?id_computador=05936180-5750-4edc-b55e-7dfc10d8ef8d HTTP/11" 200 374
2024-12-23 14:59:01,358 - DEBUG - Starting new HTTP connection (1): localhost:8000
2024-12-23 14:59:03,564 - DEBUG - http://localhost:8000 "GET /list-disks?id_computador=05936180-5750-4edc-b55e-7dfc10d8ef8d HTTP/11" 200 221
2024-12-23 14:59:03,565 - CRITICAL - Erro fatal: string indices must be integers, not 'str'
2024-12-23 15:01:12,178 - INFO - Coletando métricas do sistema...
2024-12-23 15:01:14,759 - DEBUG - Initializing 'ip4' method cache (platform: 'windows')
2024-12-23 15:01:14,761 - DEBUG - Finished initializing 'ip4' method cache
2024-12-23 15:01:14,762 - DEBUG - Raw MAC found: f46add7e79ab
2024-12-23 15:01:14,762 - DEBUG - Adding colons to MAC f46add7e79ab
2024-12-23 15:01:14,762 - DEBUG - Métricas coletadas: {'hostname': 'DESKTOP-MMSRVE2', 'ip_local': '192.168.5.69', 'mac': 'F4-6A-DD-7E-79-AB', 'cpu_info': 'AMD Ryzen 5 7520U with Radeon Graphics', 'cpu_percent': 9.8, 'memoria_total': 5.739498138427734, 'memoria_livre': 0.7545585632324219, 'ram_percent': 86.9, 'partitions': [{'unidade': 'C:\\', 'espaco_total_GB': 237.83945846557617, 'espaco_livre_GB': 37.42630386352539, 'uso_percentual': 84.3}, {'unidade': 'D:\\', 'espaco_total_GB': 28.620094299316406, 'espaco_livre_GB': 2.099639892578125, 'uso_percentual': 92.7}]}
2024-12-23 15:01:14,765 - DEBUG - Starting new HTTP connection (1): localhost:8000
2024-12-23 15:01:16,854 - DEBUG - http://localhost:8000 "GET /list-computer?mac=F4-6A-DD-7E-79-AB HTTP/11" 200 232
2024-12-23 15:01:16,856 - DEBUG - Starting new HTTP connection (1): localhost:8000
2024-12-23 15:01:18,934 - DEBUG - http://localhost:8000 "GET /list-monitoramento?id=05936180-5750-4edc-b55e-7dfc10d8ef8d HTTP/11" 200 348
2024-12-23 15:01:18,935 - INFO - Atualizando dados de métricas existentes.
2024-12-23 15:01:18,936 - DEBUG - Starting new HTTP connection (1): localhost:8000
2024-12-23 15:01:21,028 - DEBUG - http://localhost:8000 "PUT /update-metrics?id_computador=05936180-5750-4edc-b55e-7dfc10d8ef8d HTTP/11" 200 374
2024-12-23 15:01:21,030 - DEBUG - Starting new HTTP connection (1): localhost:8000
2024-12-23 15:01:23,105 - DEBUG - http://localhost:8000 "GET /list-disks?id_computador=05936180-5750-4edc-b55e-7dfc10d8ef8d HTTP/11" 404 52
2024-12-23 15:01:23,106 - CRITICAL - Erro fatal: 'unidade'
2024-12-23 15:04:54,151 - INFO - Coletando métricas do sistema...
2024-12-23 15:04:56,746 - DEBUG - Initializing 'ip4' method cache (platform: 'windows')
2024-12-23 15:04:56,747 - DEBUG - Finished initializing 'ip4' method cache
2024-12-23 15:04:56,748 - DEBUG - Raw MAC found: f46add7e79ab
2024-12-23 15:04:56,748 - DEBUG - Adding colons to MAC f46add7e79ab
2024-12-23 15:04:56,749 - DEBUG - Métricas coletadas: {'hostname': 'DESKTOP-MMSRVE2', 'ip_local': '192.168.5.69', 'mac': 'F4-6A-DD-7E-79-AB', 'cpu_info': 'AMD Ryzen 5 7520U with Radeon Graphics', 'cpu_percent': 3.7, 'memoria_total': 5.739498138427734, 'memoria_livre': 0.6835594177246094, 'ram_percent': 88.1, 'partitions': [{'unidade': 'C:\\', 'espaco_total_GB': 237.83945846557617, 'espaco_livre_GB': 37.43268966674805, 'uso_percentual': 84.3}, {'unidade': 'D:\\', 'espaco_total_GB': 28.620094299316406, 'espaco_livre_GB': 2.099639892578125, 'uso_percentual': 92.7}]}
2024-12-23 15:04:56,751 - DEBUG - Starting new HTTP connection (1): localhost:8000
2024-12-23 15:04:58,832 - DEBUG - http://localhost:8000 "GET /list-computer?mac=F4-6A-DD-7E-79-AB HTTP/11" 200 232
2024-12-23 15:04:58,834 - DEBUG - Starting new HTTP connection (1): localhost:8000
2024-12-23 15:05:00,930 - DEBUG - http://localhost:8000 "GET /list-monitoramento?id=05936180-5750-4edc-b55e-7dfc10d8ef8d HTTP/11" 200 348
2024-12-23 15:05:00,931 - INFO - Atualizando dados de métricas existentes.
2024-12-23 15:05:00,932 - DEBUG - Starting new HTTP connection (1): localhost:8000
2024-12-23 15:05:03,028 - DEBUG - http://localhost:8000 "PUT /update-metrics?id_computador=05936180-5750-4edc-b55e-7dfc10d8ef8d HTTP/11" 200 374
2024-12-23 15:05:03,030 - DEBUG - Starting new HTTP connection (1): localhost:8000
2024-12-23 15:05:05,238 - DEBUG - http://localhost:8000 "GET /list-disks?id_computador=05936180-5750-4edc-b55e-7dfc10d8ef8d HTTP/11" 404 52
2024-12-23 15:05:05,239 - DEBUG - Unidades existentes para o computador 05936180-5750-4edc-b55e-7dfc10d8ef8d: set()
2024-12-23 15:05:05,239 - INFO - Registrando dados do disco C:\
2024-12-23 15:05:05,240 - DEBUG - Starting new HTTP connection (1): localhost:8000
2024-12-23 15:05:07,421 - DEBUG - http://localhost:8000 "POST /create-disks HTTP/11" 200 158
2024-12-23 15:05:07,421 - INFO - Registrando dados do disco D:\
2024-12-23 15:05:07,422 - DEBUG - Starting new HTTP connection (1): localhost:8000
2024-12-23 15:05:09,515 - DEBUG - http://localhost:8000 "POST /create-disks HTTP/11" 200 158
2024-12-23 15:05:19,564 - INFO - Coletando métricas do sistema...
2024-12-23 15:05:22,156 - DEBUG - Initializing 'ip4' method cache (platform: 'windows')
2024-12-23 15:05:22,158 - DEBUG - Finished initializing 'ip4' method cache
2024-12-23 15:05:22,158 - DEBUG - Raw MAC found: f46add7e79ab
2024-12-23 15:05:22,159 - DEBUG - Adding colons to MAC f46add7e79ab
2024-12-23 15:05:22,159 - DEBUG - Métricas coletadas: {'hostname': 'DESKTOP-MMSRVE2', 'ip_local': '192.168.5.69', 'mac': 'F4-6A-DD-7E-79-AB', 'cpu_info': 'AMD Ryzen 5 7520U with Radeon Graphics', 'cpu_percent': 5.6, 'memoria_total': 5.739498138427734, 'memoria_livre': 0.635986328125, 'ram_percent': 88.9, 'partitions': [{'unidade': 'C:\\', 'espaco_total_GB': 237.83945846557617, 'espaco_livre_GB': 37.43245315551758, 'uso_percentual': 84.3}, {'unidade': 'D:\\', 'espaco_total_GB': 28.620094299316406, 'espaco_livre_GB': 2.099639892578125, 'uso_percentual': 92.7}]}
2024-12-23 15:05:22,162 - DEBUG - Starting new HTTP connection (1): localhost:8000
2024-12-23 15:05:24,347 - DEBUG - http://localhost:8000 "GET /list-computer?mac=F4-6A-DD-7E-79-AB HTTP/11" 200 232
2024-12-23 15:05:24,349 - DEBUG - Starting new HTTP connection (1): localhost:8000
2024-12-23 15:05:26,531 - DEBUG - http://localhost:8000 "GET /list-monitoramento?id=05936180-5750-4edc-b55e-7dfc10d8ef8d HTTP/11" 200 348
2024-12-23 15:05:26,532 - INFO - Atualizando dados de métricas existentes.
2024-12-23 15:05:26,534 - DEBUG - Starting new HTTP connection (1): localhost:8000
2024-12-23 15:05:28,707 - DEBUG - http://localhost:8000 "PUT /update-metrics?id_computador=05936180-5750-4edc-b55e-7dfc10d8ef8d HTTP/11" 200 370
2024-12-23 15:05:28,709 - DEBUG - Starting new HTTP connection (1): localhost:8000
2024-12-23 15:05:30,797 - DEBUG - http://localhost:8000 "GET /list-disks?id_computador=05936180-5750-4edc-b55e-7dfc10d8ef8d HTTP/11" 200 221
2024-12-23 15:05:30,798 - CRITICAL - Erro fatal: string indices must be integers, not 'str'
2024-12-23 15:07:03,993 - INFO - Coletando métricas do sistema...
2024-12-23 15:07:06,708 - DEBUG - Initializing 'ip4' method cache (platform: 'windows')
2024-12-23 15:07:06,710 - DEBUG - Finished initializing 'ip4' method cache
2024-12-23 15:07:06,711 - DEBUG - Raw MAC found: f46add7e79ab
2024-12-23 15:07:06,711 - DEBUG - Adding colons to MAC f46add7e79ab
2024-12-23 15:07:06,712 - DEBUG - Métricas coletadas: {'hostname': 'DESKTOP-MMSRVE2', 'ip_local': '192.168.5.69', 'mac': 'F4-6A-DD-7E-79-AB', 'cpu_info': 'AMD Ryzen 5 7520U with Radeon Graphics', 'cpu_percent': 4.3, 'memoria_total': 5.739498138427734, 'memoria_livre': 0.592041015625, 'ram_percent': 89.7, 'partitions': [{'unidade': 'C:\\', 'espaco_total_GB': 237.83945846557617, 'espaco_livre_GB': 37.432376861572266, 'uso_percentual': 84.3}, {'unidade': 'D:\\', 'espaco_total_GB': 28.620094299316406, 'espaco_livre_GB': 2.099639892578125, 'uso_percentual': 92.7}]}
2024-12-23 15:07:06,715 - DEBUG - Starting new HTTP connection (1): localhost:8000
2024-12-23 15:07:08,783 - DEBUG - http://localhost:8000 "GET /list-computer?mac=F4-6A-DD-7E-79-AB HTTP/11" 200 232
2024-12-23 15:07:08,784 - DEBUG - Starting new HTTP connection (1): localhost:8000
2024-12-23 15:07:10,973 - DEBUG - http://localhost:8000 "GET /list-monitoramento?id=05936180-5750-4edc-b55e-7dfc10d8ef8d HTTP/11" 200 348
2024-12-23 15:07:10,975 - INFO - Atualizando dados de métricas existentes.
2024-12-23 15:07:10,976 - DEBUG - Starting new HTTP connection (1): localhost:8000
2024-12-23 15:07:13,061 - DEBUG - http://localhost:8000 "PUT /update-metrics?id_computador=05936180-5750-4edc-b55e-7dfc10d8ef8d HTTP/11" 200 370
2024-12-23 15:07:13,064 - DEBUG - Starting new HTTP connection (1): localhost:8000
2024-12-23 15:07:15,205 - DEBUG - http://localhost:8000 "GET /list-disks?id_computador=05936180-5750-4edc-b55e-7dfc10d8ef8d HTTP/11" 200 221
2024-12-23 15:07:15,207 - CRITICAL - Erro fatal: string indices must be integers, not 'str'
2024-12-23 15:08:10,394 - INFO - Coletando métricas do sistema...
2024-12-23 15:08:12,968 - DEBUG - Initializing 'ip4' method cache (platform: 'windows')
2024-12-23 15:08:12,970 - DEBUG - Finished initializing 'ip4' method cache
2024-12-23 15:08:12,970 - DEBUG - Raw MAC found: f46add7e79ab
2024-12-23 15:08:12,971 - DEBUG - Adding colons to MAC f46add7e79ab
2024-12-23 15:08:12,971 - DEBUG - Métricas coletadas: {'hostname': 'DESKTOP-MMSRVE2', 'ip_local': '192.168.5.69', 'mac': 'F4-6A-DD-7E-79-AB', 'cpu_info': 'AMD Ryzen 5 7520U with Radeon Graphics', 'cpu_percent': 9.7, 'memoria_total': 5.739498138427734, 'memoria_livre': 0.6035919189453125, 'ram_percent': 89.5, 'partitions': [{'unidade': 'C:\\', 'espaco_total_GB': 237.83945846557617, 'espaco_livre_GB': 37.430259704589844, 'uso_percentual': 84.3}, {'unidade': 'D:\\', 'espaco_total_GB': 28.620094299316406, 'espaco_livre_GB': 2.099639892578125, 'uso_percentual': 92.7}]}
2024-12-23 15:08:12,975 - DEBUG - Starting new HTTP connection (1): localhost:8000
2024-12-23 15:08:15,144 - DEBUG - http://localhost:8000 "GET /list-computer?mac=F4-6A-DD-7E-79-AB HTTP/11" 200 232
2024-12-23 15:08:15,146 - DEBUG - Starting new HTTP connection (1): localhost:8000
2024-12-23 15:08:17,337 - DEBUG - http://localhost:8000 "GET /list-monitoramento?id=05936180-5750-4edc-b55e-7dfc10d8ef8d HTTP/11" 200 348
2024-12-23 15:08:17,338 - INFO - Atualizando dados de métricas existentes.
2024-12-23 15:08:17,339 - DEBUG - Starting new HTTP connection (1): localhost:8000
2024-12-23 15:08:19,524 - DEBUG - http://localhost:8000 "PUT /update-metrics?id_computador=05936180-5750-4edc-b55e-7dfc10d8ef8d HTTP/11" 200 374
2024-12-23 15:08:19,525 - DEBUG - Starting new HTTP connection (1): localhost:8000
2024-12-23 15:08:21,718 - DEBUG - http://localhost:8000 "GET /list-disks?id_computador=05936180-5750-4edc-b55e-7dfc10d8ef8d HTTP/11" 200 221
2024-12-23 15:08:21,719 - CRITICAL - Erro fatal: string indices must be integers, not 'str'
2024-12-23 15:08:32,032 - INFO - Coletando métricas do sistema...
2024-12-23 15:08:34,610 - DEBUG - Initializing 'ip4' method cache (platform: 'windows')
2024-12-23 15:08:34,612 - DEBUG - Finished initializing 'ip4' method cache
2024-12-23 15:08:34,612 - DEBUG - Raw MAC found: f46add7e79ab
2024-12-23 15:08:34,612 - DEBUG - Adding colons to MAC f46add7e79ab
2024-12-23 15:08:34,613 - DEBUG - Métricas coletadas: {'hostname': 'DESKTOP-MMSRVE2', 'ip_local': '192.168.5.69', 'mac': 'F4-6A-DD-7E-79-AB', 'cpu_info': 'AMD Ryzen 5 7520U with Radeon Graphics', 'cpu_percent': 5.2, 'memoria_total': 5.739498138427734, 'memoria_livre': 0.6123580932617188, 'ram_percent': 89.3, 'partitions': [{'unidade': 'C:\\', 'espaco_total_GB': 237.83945846557617, 'espaco_livre_GB': 37.43025588989258, 'uso_percentual': 84.3}, {'unidade': 'D:\\', 'espaco_total_GB': 28.620094299316406, 'espaco_livre_GB': 2.099639892578125, 'uso_percentual': 92.7}]}
2024-12-23 15:08:34,616 - DEBUG - Starting new HTTP connection (1): localhost:8000
2024-12-23 15:08:36,695 - DEBUG - http://localhost:8000 "GET /list-computer?mac=F4-6A-DD-7E-79-AB HTTP/11" 200 232
2024-12-23 15:08:36,696 - DEBUG - Starting new HTTP connection (1): localhost:8000
2024-12-23 15:08:38,885 - DEBUG - http://localhost:8000 "GET /list-monitoramento?id=05936180-5750-4edc-b55e-7dfc10d8ef8d HTTP/11" 200 347
2024-12-23 15:08:38,886 - INFO - Atualizando dados de métricas existentes.
2024-12-23 15:08:38,888 - DEBUG - Starting new HTTP connection (1): localhost:8000
2024-12-23 15:08:41,085 - DEBUG - http://localhost:8000 "PUT /update-metrics?id_computador=05936180-5750-4edc-b55e-7dfc10d8ef8d HTTP/11" 200 374
2024-12-23 15:08:41,087 - DEBUG - Starting new HTTP connection (1): localhost:8000
2024-12-23 15:08:43,299 - DEBUG - http://localhost:8000 "GET /list-disks?id_computador=05936180-5750-4edc-b55e-7dfc10d8ef8d HTTP/11" 200 221
2024-12-23 15:08:43,300 - CRITICAL - Erro fatal: name 'existing_units' is not defined
2024-12-23 15:08:54,549 - INFO - Coletando métricas do sistema...
2024-12-23 15:08:57,123 - DEBUG - Initializing 'ip4' method cache (platform: 'windows')
2024-12-23 15:08:57,126 - DEBUG - Finished initializing 'ip4' method cache
2024-12-23 15:08:57,127 - DEBUG - Raw MAC found: f46add7e79ab
2024-12-23 15:08:57,127 - DEBUG - Adding colons to MAC f46add7e79ab
2024-12-23 15:08:57,128 - DEBUG - Métricas coletadas: {'hostname': 'DESKTOP-MMSRVE2', 'ip_local': '192.168.5.69', 'mac': 'F4-6A-DD-7E-79-AB', 'cpu_info': 'AMD Ryzen 5 7520U with Radeon Graphics', 'cpu_percent': 4.1, 'memoria_total': 5.739498138427734, 'memoria_livre': 0.6397895812988281, 'ram_percent': 88.9, 'partitions': [{'unidade': 'C:\\', 'espaco_total_GB': 237.83945846557617, 'espaco_livre_GB': 37.4303092956543, 'uso_percentual': 84.3}, {'unidade': 'D:\\', 'espaco_total_GB': 28.620094299316406, 'espaco_livre_GB': 2.099639892578125, 'uso_percentual': 92.7}]}
2024-12-23 15:08:57,133 - DEBUG - Starting new HTTP connection (1): localhost:8000
2024-12-23 15:08:59,315 - DEBUG - http://localhost:8000 "GET /list-computer?mac=F4-6A-DD-7E-79-AB HTTP/11" 200 232
2024-12-23 15:08:59,316 - DEBUG - Starting new HTTP connection (1): localhost:8000
2024-12-23 15:09:01,389 - DEBUG - http://localhost:8000 "GET /list-monitoramento?id=05936180-5750-4edc-b55e-7dfc10d8ef8d HTTP/11" 200 348
2024-12-23 15:09:01,390 - INFO - Atualizando dados de métricas existentes.
2024-12-23 15:09:01,391 - DEBUG - Starting new HTTP connection (1): localhost:8000
2024-12-23 15:09:03,588 - DEBUG - http://localhost:8000 "PUT /update-metrics?id_computador=05936180-5750-4edc-b55e-7dfc10d8ef8d HTTP/11" 200 374
2024-12-23 15:09:03,590 - DEBUG - Starting new HTTP connection (1): localhost:8000
2024-12-23 15:09:05,805 - DEBUG - http://localhost:8000 "GET /list-disks?id_computador=05936180-5750-4edc-b55e-7dfc10d8ef8d HTTP/11" 200 221
2024-12-23 15:10:34,305 - INFO - Coletando métricas do sistema...
2024-12-23 15:10:36,907 - DEBUG - Initializing 'ip4' method cache (platform: 'windows')
2024-12-23 15:10:36,908 - DEBUG - Finished initializing 'ip4' method cache
2024-12-23 15:10:36,909 - DEBUG - Raw MAC found: f46add7e79ab
2024-12-23 15:10:36,909 - DEBUG - Adding colons to MAC f46add7e79ab
2024-12-23 15:10:36,910 - DEBUG - Métricas coletadas: {'hostname': 'DESKTOP-MMSRVE2', 'ip_local': '192.168.5.69', 'mac': 'F4-6A-DD-7E-79-AB', 'cpu_info': 'AMD Ryzen 5 7520U with Radeon Graphics', 'cpu_percent': 2.9, 'memoria_total': 5.739498138427734, 'memoria_livre': 0.6807518005371094, 'ram_percent': 88.1, 'partitions': [{'unidade': 'C:\\', 'espaco_total_GB': 237.83945846557617, 'espaco_livre_GB': 37.429283142089844, 'uso_percentual': 84.3}, {'unidade': 'D:\\', 'espaco_total_GB': 28.620094299316406, 'espaco_livre_GB': 2.099639892578125, 'uso_percentual': 92.7}]}
2024-12-23 15:10:36,913 - DEBUG - Starting new HTTP connection (1): localhost:8000
2024-12-23 15:10:39,158 - DEBUG - http://localhost:8000 "GET /list-computer?mac=F4-6A-DD-7E-79-AB HTTP/11" 200 232
2024-12-23 15:10:39,160 - DEBUG - Starting new HTTP connection (1): localhost:8000
2024-12-23 15:10:41,232 - DEBUG - http://localhost:8000 "GET /list-monitoramento?id=05936180-5750-4edc-b55e-7dfc10d8ef8d HTTP/11" 200 348
2024-12-23 15:10:41,234 - INFO - Atualizando dados de métricas existentes.
2024-12-23 15:10:41,235 - DEBUG - Starting new HTTP connection (1): localhost:8000
2024-12-23 15:10:43,412 - DEBUG - http://localhost:8000 "PUT /update-metrics?id_computador=05936180-5750-4edc-b55e-7dfc10d8ef8d HTTP/11" 200 374
2024-12-23 15:10:43,414 - DEBUG - Starting new HTTP connection (1): localhost:8000
2024-12-23 15:10:45,492 - DEBUG - http://localhost:8000 "GET /list-disks?id_computador=05936180-5750-4edc-b55e-7dfc10d8ef8d HTTP/11" 200 221
2024-12-23 15:11:28,768 - INFO - Coletando métricas do sistema...
2024-12-23 15:11:31,349 - DEBUG - Initializing 'ip4' method cache (platform: 'windows')
2024-12-23 15:11:31,351 - DEBUG - Finished initializing 'ip4' method cache
2024-12-23 15:11:31,352 - DEBUG - Raw MAC found: f46add7e79ab
2024-12-23 15:11:31,352 - DEBUG - Adding colons to MAC f46add7e79ab
2024-12-23 15:11:31,353 - DEBUG - Métricas coletadas: {'hostname': 'DESKTOP-MMSRVE2', 'ip_local': '192.168.5.69', 'mac': 'F4-6A-DD-7E-79-AB', 'cpu_info': 'AMD Ryzen 5 7520U with Radeon Graphics', 'cpu_percent': 6.2, 'memoria_total': 5.739498138427734, 'memoria_livre': 0.6331977844238281, 'ram_percent': 89.0, 'partitions': [{'unidade': 'C:\\', 'espaco_total_GB': 237.83945846557617, 'espaco_livre_GB': 37.432769775390625, 'uso_percentual': 84.3}, {'unidade': 'D:\\', 'espaco_total_GB': 28.620094299316406, 'espaco_livre_GB': 2.099639892578125, 'uso_percentual': 92.7}]}
2024-12-23 15:11:31,355 - DEBUG - Starting new HTTP connection (1): localhost:8000
2024-12-23 15:11:33,561 - DEBUG - http://localhost:8000 "GET /list-computer?mac=F4-6A-DD-7E-79-AB HTTP/11" 200 232
2024-12-23 15:11:33,562 - DEBUG - Starting new HTTP connection (1): localhost:8000
2024-12-23 15:11:35,652 - DEBUG - http://localhost:8000 "GET /list-monitoramento?id=05936180-5750-4edc-b55e-7dfc10d8ef8d HTTP/11" 200 348
2024-12-23 15:11:35,653 - INFO - Atualizando dados de métricas existentes.
2024-12-23 15:11:35,654 - DEBUG - Starting new HTTP connection (1): localhost:8000
2024-12-23 15:11:37,844 - DEBUG - http://localhost:8000 "PUT /update-metrics?id_computador=05936180-5750-4edc-b55e-7dfc10d8ef8d HTTP/11" 200 374
2024-12-23 15:11:37,846 - DEBUG - Starting new HTTP connection (1): localhost:8000
2024-12-23 15:11:39,947 - DEBUG - http://localhost:8000 "GET /list-disks?id_computador=05936180-5750-4edc-b55e-7dfc10d8ef8d HTTP/11" 200 221
2024-12-23 15:13:26,935 - INFO - Coletando métricas do sistema...
2024-12-23 15:13:29,522 - DEBUG - Initializing 'ip4' method cache (platform: 'windows')
2024-12-23 15:13:29,524 - DEBUG - Finished initializing 'ip4' method cache
2024-12-23 15:13:29,524 - DEBUG - Raw MAC found: f46add7e79ab
2024-12-23 15:13:29,524 - DEBUG - Adding colons to MAC f46add7e79ab
2024-12-23 15:13:29,525 - DEBUG - Métricas coletadas: {'hostname': 'DESKTOP-MMSRVE2', 'ip_local': '192.168.5.69', 'mac': 'F4-6A-DD-7E-79-AB', 'cpu_info': 'AMD Ryzen 5 7520U with Radeon Graphics', 'cpu_percent': 11.1, 'memoria_total': 5.739498138427734, 'memoria_livre': 0.8074684143066406, 'ram_percent': 85.9, 'partitions': [{'unidade': 'C:\\', 'espaco_total_GB': 237.83945846557617, 'espaco_livre_GB': 37.43075942993164, 'uso_percentual': 84.3}, {'unidade': 'D:\\', 'espaco_total_GB': 28.620094299316406, 'espaco_livre_GB': 2.099639892578125, 'uso_percentual': 92.7}]}
2024-12-23 15:13:29,527 - DEBUG - Starting new HTTP connection (1): localhost:8000
2024-12-23 15:13:31,710 - DEBUG - http://localhost:8000 "GET /list-computer?mac=F4-6A-DD-7E-79-AB HTTP/11" 200 232
2024-12-23 15:13:31,711 - DEBUG - Starting new HTTP connection (1): localhost:8000
2024-12-23 15:13:33,832 - DEBUG - http://localhost:8000 "GET /list-monitoramento?id=05936180-5750-4edc-b55e-7dfc10d8ef8d HTTP/11" 200 348
2024-12-23 15:13:33,833 - INFO - Atualizando dados de métricas existentes.
2024-12-23 15:13:33,835 - DEBUG - Starting new HTTP connection (1): localhost:8000
2024-12-23 15:13:35,937 - DEBUG - http://localhost:8000 "PUT /update-metrics?id_computador=05936180-5750-4edc-b55e-7dfc10d8ef8d HTTP/11" 200 375
2024-12-23 15:13:35,939 - DEBUG - Starting new HTTP connection (1): localhost:8000
2024-12-23 15:13:38,155 - DEBUG - http://localhost:8000 "GET /list-disks?id_computador=05936180-5750-4edc-b55e-7dfc10d8ef8d HTTP/11" 200 221
2024-12-23 15:13:54,591 - INFO - Coletando métricas do sistema...
2024-12-23 15:13:57,181 - DEBUG - Initializing 'ip4' method cache (platform: 'windows')
2024-12-23 15:13:57,183 - DEBUG - Finished initializing 'ip4' method cache
2024-12-23 15:13:57,183 - DEBUG - Raw MAC found: f46add7e79ab
2024-12-23 15:13:57,184 - DEBUG - Adding colons to MAC f46add7e79ab
2024-12-23 15:13:57,184 - DEBUG - Métricas coletadas: {'hostname': 'DESKTOP-MMSRVE2', 'ip_local': '192.168.5.69', 'mac': 'F4-6A-DD-7E-79-AB', 'cpu_info': 'AMD Ryzen 5 7520U with Radeon Graphics', 'cpu_percent': 6.4, 'memoria_total': 5.739498138427734, 'memoria_livre': 0.4762306213378906, 'ram_percent': 91.7, 'partitions': [{'unidade': 'C:\\', 'espaco_total_GB': 237.83945846557617, 'espaco_livre_GB': 37.42631149291992, 'uso_percentual': 84.3}, {'unidade': 'D:\\', 'espaco_total_GB': 28.620094299316406, 'espaco_livre_GB': 2.099639892578125, 'uso_percentual': 92.7}]}
2024-12-23 15:13:57,187 - DEBUG - Starting new HTTP connection (1): localhost:8000
2024-12-23 15:13:59,389 - DEBUG - http://localhost:8000 "GET /list-computer?mac=F4-6A-DD-7E-79-AB HTTP/11" 200 232
2024-12-23 15:13:59,390 - DEBUG - Starting new HTTP connection (1): localhost:8000
2024-12-23 15:14:01,594 - DEBUG - http://localhost:8000 "GET /list-monitoramento?id=05936180-5750-4edc-b55e-7dfc10d8ef8d HTTP/11" 200 349
2024-12-23 15:14:01,595 - INFO - Atualizando dados de métricas existentes.
2024-12-23 15:14:01,596 - DEBUG - Starting new HTTP connection (1): localhost:8000
2024-12-23 15:14:03,808 - DEBUG - http://localhost:8000 "PUT /update-metrics?id_computador=05936180-5750-4edc-b55e-7dfc10d8ef8d HTTP/11" 200 374
2024-12-23 15:14:03,810 - DEBUG - Starting new HTTP connection (1): localhost:8000
2024-12-23 15:14:05,982 - DEBUG - http://localhost:8000 "GET /list-disks?id_computador=05936180-5750-4edc-b55e-7dfc10d8ef8d HTTP/11" 500 88
2024-12-23 15:15:02,554 - INFO - Coletando métricas do sistema...
2024-12-23 15:15:05,150 - DEBUG - Initializing 'ip4' method cache (platform: 'windows')
2024-12-23 15:15:05,152 - DEBUG - Finished initializing 'ip4' method cache
2024-12-23 15:15:05,152 - DEBUG - Raw MAC found: f46add7e79ab
2024-12-23 15:15:05,153 - DEBUG - Adding colons to MAC f46add7e79ab
2024-12-23 15:15:05,153 - DEBUG - Métricas coletadas: {'hostname': 'DESKTOP-MMSRVE2', 'ip_local': '192.168.5.69', 'mac': 'F4-6A-DD-7E-79-AB', 'cpu_info': 'AMD Ryzen 5 7520U with Radeon Graphics', 'cpu_percent': 3.1, 'memoria_total': 5.739498138427734, 'memoria_livre': 0.5202903747558594, 'ram_percent': 90.9, 'partitions': [{'unidade': 'C:\\', 'espaco_total_GB': 237.83945846557617, 'espaco_livre_GB': 37.42616271972656, 'uso_percentual': 84.3}, {'unidade': 'D:\\', 'espaco_total_GB': 28.620094299316406, 'espaco_livre_GB': 2.099639892578125, 'uso_percentual': 92.7}]}
2024-12-23 15:15:05,156 - DEBUG - Starting new HTTP connection (1): localhost:8000
2024-12-23 15:15:07,381 - DEBUG - http://localhost:8000 "GET /list-computer?mac=F4-6A-DD-7E-79-AB HTTP/11" 200 232
2024-12-23 15:15:07,382 - DEBUG - Starting new HTTP connection (1): localhost:8000
2024-12-23 15:15:09,587 - DEBUG - http://localhost:8000 "GET /list-monitoramento?id=05936180-5750-4edc-b55e-7dfc10d8ef8d HTTP/11" 200 348
2024-12-23 15:15:09,588 - INFO - Atualizando dados de métricas existentes.
2024-12-23 15:15:09,589 - DEBUG - Starting new HTTP connection (1): localhost:8000
2024-12-23 15:15:11,791 - DEBUG - http://localhost:8000 "PUT /update-metrics?id_computador=05936180-5750-4edc-b55e-7dfc10d8ef8d HTTP/11" 200 374
2024-12-23 15:15:11,792 - DEBUG - Starting new HTTP connection (1): localhost:8000
2024-12-23 15:15:13,895 - DEBUG - http://localhost:8000 "GET /list-disks?id_computador=05936180-5750-4edc-b55e-7dfc10d8ef8d HTTP/11" 500 88
2024-12-23 15:15:56,143 - INFO - Coletando métricas do sistema...
2024-12-23 15:15:58,726 - DEBUG - Initializing 'ip4' method cache (platform: 'windows')
2024-12-23 15:15:58,728 - DEBUG - Finished initializing 'ip4' method cache
2024-12-23 15:15:58,728 - DEBUG - Raw MAC found: f46add7e79ab
2024-12-23 15:15:58,728 - DEBUG - Adding colons to MAC f46add7e79ab
2024-12-23 15:15:58,729 - DEBUG - Métricas coletadas: {'hostname': 'DESKTOP-MMSRVE2', 'ip_local': '192.168.5.69', 'mac': 'F4-6A-DD-7E-79-AB', 'cpu_info': 'AMD Ryzen 5 7520U with Radeon Graphics', 'cpu_percent': 5.6, 'memoria_total': 5.739498138427734, 'memoria_livre': 0.51959228515625, 'ram_percent': 90.9, 'partitions': [{'unidade': 'C:\\', 'espaco_total_GB': 237.83945846557617, 'espaco_livre_GB': 37.42592239379883, 'uso_percentual': 84.3}, {'unidade': 'D:\\', 'espaco_total_GB': 28.620094299316406, 'espaco_livre_GB': 2.099639892578125, 'uso_percentual': 92.7}]}
2024-12-23 15:15:58,732 - DEBUG - Starting new HTTP connection (1): localhost:8000
2024-12-23 15:16:00,937 - DEBUG - http://localhost:8000 "GET /list-computer?mac=F4-6A-DD-7E-79-AB HTTP/11" 200 232
2024-12-23 15:16:00,939 - DEBUG - Starting new HTTP connection (1): localhost:8000
2024-12-23 15:16:03,122 - DEBUG - http://localhost:8000 "GET /list-monitoramento?id=05936180-5750-4edc-b55e-7dfc10d8ef8d HTTP/11" 200 348
2024-12-23 15:16:03,123 - INFO - Atualizando dados de métricas existentes.
2024-12-23 15:16:03,124 - DEBUG - Starting new HTTP connection (1): localhost:8000
2024-12-23 15:16:05,237 - DEBUG - http://localhost:8000 "PUT /update-metrics?id_computador=05936180-5750-4edc-b55e-7dfc10d8ef8d HTTP/11" 200 372
2024-12-23 15:16:05,239 - DEBUG - Starting new HTTP connection (1): localhost:8000
2024-12-23 15:16:07,332 - DEBUG - http://localhost:8000 "GET /list-disks?id_computador=05936180-5750-4edc-b55e-7dfc10d8ef8d HTTP/11" 200 442
2024-12-23 15:16:42,543 - INFO - Coletando métricas do sistema...
2024-12-23 15:16:45,157 - DEBUG - Initializing 'ip4' method cache (platform: 'windows')
2024-12-23 15:16:45,159 - DEBUG - Finished initializing 'ip4' method cache
2024-12-23 15:16:45,159 - DEBUG - Raw MAC found: f46add7e79ab
2024-12-23 15:16:45,159 - DEBUG - Adding colons to MAC f46add7e79ab
2024-12-23 15:16:45,160 - DEBUG - Métricas coletadas: {'hostname': 'DESKTOP-MMSRVE2', 'ip_local': '192.168.5.69', 'mac': 'F4-6A-DD-7E-79-AB', 'cpu_info': 'AMD Ryzen 5 7520U with Radeon Graphics', 'cpu_percent': 6.4, 'memoria_total': 5.739498138427734, 'memoria_livre': 0.4173240661621094, 'ram_percent': 92.7, 'partitions': [{'unidade': 'C:\\', 'espaco_total_GB': 237.83945846557617, 'espaco_livre_GB': 37.42597579956055, 'uso_percentual': 84.3}, {'unidade': 'D:\\', 'espaco_total_GB': 28.620094299316406, 'espaco_livre_GB': 2.099639892578125, 'uso_percentual': 92.7}]}
2024-12-23 15:16:45,164 - DEBUG - Starting new HTTP connection (1): localhost:8000
2024-12-23 15:16:47,363 - DEBUG - http://localhost:8000 "GET /list-computer?mac=F4-6A-DD-7E-79-AB HTTP/11" 200 232
2024-12-23 15:16:47,365 - DEBUG - Starting new HTTP connection (1): localhost:8000
2024-12-23 15:16:49,558 - DEBUG - http://localhost:8000 "GET /list-monitoramento?id=05936180-5750-4edc-b55e-7dfc10d8ef8d HTTP/11" 200 348
2024-12-23 15:16:49,559 - INFO - Atualizando dados de métricas existentes.
2024-12-23 15:16:49,560 - DEBUG - Starting new HTTP connection (1): localhost:8000
2024-12-23 15:16:51,640 - DEBUG - http://localhost:8000 "PUT /update-metrics?id_computador=05936180-5750-4edc-b55e-7dfc10d8ef8d HTTP/11" 200 374
2024-12-23 15:16:51,641 - DEBUG - Starting new HTTP connection (1): localhost:8000
2024-12-23 15:16:53,724 - DEBUG - http://localhost:8000 "GET /list-disks?id_computador=05936180-5750-4edc-b55e-7dfc10d8ef8d HTTP/11" 200 442
2024-12-23 15:16:53,725 - DEBUG - Unidades existentes para o computador 05936180-5750-4edc-b55e-7dfc10d8ef8d: {'C:\\', 'D:\\'}
2024-12-23 15:16:53,726 - INFO - Disco C:\ já registrado.
2024-12-23 15:16:53,726 - INFO - Disco D:\ já registrado.
2024-12-23 15:20:42,670 - INFO - Coletando métricas do sistema...
2024-12-23 15:20:45,333 - DEBUG - Initializing 'ip4' method cache (platform: 'windows')
2024-12-23 15:20:45,335 - DEBUG - Finished initializing 'ip4' method cache
2024-12-23 15:20:45,336 - DEBUG - Raw MAC found: f46add7e79ab
2024-12-23 15:20:45,336 - DEBUG - Adding colons to MAC f46add7e79ab
2024-12-23 15:20:45,337 - DEBUG - Métricas coletadas: {'hostname': 'DESKTOP-MMSRVE2', 'ip_local': '192.168.5.69', 'mac': 'F4-6A-DD-7E-79-AB', 'cpu_info': 'AMD Ryzen 5 7520U with Radeon Graphics', 'cpu_percent': 3.5, 'memoria_total': 5.739498138427734, 'memoria_livre': 0.623992919921875, 'ram_percent': 89.1, 'partitions': [{'unidade': 'C:\\', 'espaco_total_GB': 237.83945846557617, 'espaco_livre_GB': 37.42384719848633, 'uso_percentual': 84.3}, {'unidade': 'D:\\', 'espaco_total_GB': 28.620094299316406, 'espaco_livre_GB': 2.099639892578125, 'uso_percentual': 92.7}]}
2024-12-23 15:20:45,340 - DEBUG - Starting new HTTP connection (1): localhost:8000
2024-12-23 15:20:47,419 - DEBUG - http://localhost:8000 "GET /list-computer?mac=F4-6A-DD-7E-79-AB HTTP/11" 200 232
2024-12-23 15:20:47,421 - DEBUG - Starting new HTTP connection (1): localhost:8000
2024-12-23 15:20:49,506 - DEBUG - http://localhost:8000 "GET /list-monitoramento?id=05936180-5750-4edc-b55e-7dfc10d8ef8d HTTP/11" 200 348
2024-12-23 15:20:49,507 - INFO - Atualizando dados de métricas existentes.
2024-12-23 15:20:49,508 - DEBUG - Starting new HTTP connection (1): localhost:8000
2024-12-23 15:20:51,579 - DEBUG - http://localhost:8000 "PUT /update-metrics?id_computador=05936180-5750-4edc-b55e-7dfc10d8ef8d HTTP/11" 200 373
2024-12-23 15:20:51,580 - DEBUG - Starting new HTTP connection (1): localhost:8000
2024-12-23 15:20:53,664 - DEBUG - http://localhost:8000 "GET /list-disks?id_computador=05936180-5750-4edc-b55e-7dfc10d8ef8d HTTP/11" 200 442
2024-12-23 15:20:53,665 - DEBUG - Unidades existentes para o computador 05936180-5750-4edc-b55e-7dfc10d8ef8d: {'D:\\', 'C:\\'}
2024-12-23 15:20:53,666 - INFO - Disco C:\ já registrado.
2024-12-23 15:20:53,666 - INFO - Atualizando discos ...
2024-12-23 15:20:53,667 - CRITICAL - Erro fatal: cannot access local variable 'send_disk_data' where it is not associated with a value
2024-12-23 15:21:55,254 - INFO - Coletando métricas do sistema...
2024-12-23 15:21:57,836 - DEBUG - Initializing 'ip4' method cache (platform: 'windows')
2024-12-23 15:21:57,838 - DEBUG - Finished initializing 'ip4' method cache
2024-12-23 15:21:57,838 - DEBUG - Raw MAC found: f46add7e79ab
2024-12-23 15:21:57,838 - DEBUG - Adding colons to MAC f46add7e79ab
2024-12-23 15:21:57,839 - DEBUG - Métricas coletadas: {'hostname': 'DESKTOP-MMSRVE2', 'ip_local': '192.168.5.69', 'mac': 'F4-6A-DD-7E-79-AB', 'cpu_info': 'AMD Ryzen 5 7520U with Radeon Graphics', 'cpu_percent': 14.0, 'memoria_total': 5.739498138427734, 'memoria_livre': 0.6049003601074219, 'ram_percent': 89.5, 'partitions': [{'unidade': 'C:\\', 'espaco_total_GB': 237.83945846557617, 'espaco_livre_GB': 37.427425384521484, 'uso_percentual': 84.3}, {'unidade': 'D:\\', 'espaco_total_GB': 28.620094299316406, 'espaco_livre_GB': 2.099639892578125, 'uso_percentual': 92.7}]}
2024-12-23 15:21:57,842 - DEBUG - Starting new HTTP connection (1): localhost:8000
2024-12-23 15:22:00,043 - DEBUG - http://localhost:8000 "GET /list-computer?mac=F4-6A-DD-7E-79-AB HTTP/11" 200 232
2024-12-23 15:22:00,044 - DEBUG - Starting new HTTP connection (1): localhost:8000
2024-12-23 15:22:02,220 - DEBUG - http://localhost:8000 "GET /list-monitoramento?id=05936180-5750-4edc-b55e-7dfc10d8ef8d HTTP/11" 200 348
2024-12-23 15:22:02,221 - INFO - Atualizando dados de métricas existentes.
2024-12-23 15:22:02,222 - DEBUG - Starting new HTTP connection (1): localhost:8000
2024-12-23 15:22:04,412 - DEBUG - http://localhost:8000 "PUT /update-metrics?id_computador=05936180-5750-4edc-b55e-7dfc10d8ef8d HTTP/11" 200 375
2024-12-23 15:22:04,414 - DEBUG - Starting new HTTP connection (1): localhost:8000
2024-12-23 15:22:06,602 - DEBUG - http://localhost:8000 "GET /list-disks?id_computador=05936180-5750-4edc-b55e-7dfc10d8ef8d HTTP/11" 200 442
2024-12-23 15:22:06,603 - DEBUG - Unidades existentes para o computador 05936180-5750-4edc-b55e-7dfc10d8ef8d: {'D:\\', 'C:\\'}
2024-12-23 15:22:06,604 - INFO - Disco D:\ já registrado.
2024-12-23 15:22:06,604 - INFO - Atualizando discos ...
2024-12-23 15:22:06,604 - CRITICAL - Erro fatal: cannot access local variable 'send_disk_data' where it is not associated with a value
2024-12-23 15:23:41,192 - INFO - Coletando métricas do sistema...
2024-12-23 15:23:43,796 - DEBUG - Initializing 'ip4' method cache (platform: 'windows')
2024-12-23 15:23:43,797 - DEBUG - Finished initializing 'ip4' method cache
2024-12-23 15:23:43,798 - DEBUG - Raw MAC found: f46add7e79ab
2024-12-23 15:23:43,798 - DEBUG - Adding colons to MAC f46add7e79ab
2024-12-23 15:23:43,798 - DEBUG - Métricas coletadas: {'hostname': 'DESKTOP-MMSRVE2', 'ip_local': '192.168.5.69', 'mac': 'F4-6A-DD-7E-79-AB', 'cpu_info': 'AMD Ryzen 5 7520U with Radeon Graphics', 'cpu_percent': 4.3, 'memoria_total': 5.739498138427734, 'memoria_livre': 0.9389877319335938, 'ram_percent': 83.6, 'partitions': [{'unidade': 'C:\\', 'espaco_total_GB': 237.83945846557617, 'espaco_livre_GB': 37.4268798828125, 'uso_percentual': 84.3}, {'unidade': 'D:\\', 'espaco_total_GB': 28.620094299316406, 'espaco_livre_GB': 2.099639892578125, 'uso_percentual': 92.7}]}
2024-12-23 15:23:43,802 - DEBUG - Starting new HTTP connection (1): localhost:8000
2024-12-23 15:23:45,885 - DEBUG - http://localhost:8000 "GET /list-computer?mac=F4-6A-DD-7E-79-AB HTTP/11" 200 232
2024-12-23 15:23:45,886 - DEBUG - Starting new HTTP connection (1): localhost:8000
2024-12-23 15:23:47,972 - DEBUG - http://localhost:8000 "GET /list-monitoramento?id=05936180-5750-4edc-b55e-7dfc10d8ef8d HTTP/11" 200 348
2024-12-23 15:23:47,973 - INFO - Atualizando dados de métricas existentes.
2024-12-23 15:23:47,974 - DEBUG - Starting new HTTP connection (1): localhost:8000
2024-12-23 15:23:50,066 - DEBUG - http://localhost:8000 "PUT /update-metrics?id_computador=05936180-5750-4edc-b55e-7dfc10d8ef8d HTTP/11" 200 374
2024-12-23 15:23:50,067 - DEBUG - Starting new HTTP connection (1): localhost:8000
2024-12-23 15:23:52,289 - DEBUG - http://localhost:8000 "GET /list-disks?id_computador=05936180-5750-4edc-b55e-7dfc10d8ef8d HTTP/11" 200 442
2024-12-23 15:23:52,290 - DEBUG - Unidades existentes para o computador 05936180-5750-4edc-b55e-7dfc10d8ef8d: {'D:\\', 'C:\\'}
2024-12-23 15:23:52,290 - INFO - Disco C:\ já registrado.
2024-12-23 15:23:52,291 - INFO - Atualizando disco C:\...
2024-12-23 15:23:52,292 - DEBUG - Starting new HTTP connection (1): localhost:8000
2024-12-23 15:23:54,347 - DEBUG - http://localhost:8000 "PUT /update-disks?id_computador=05936180-5750-4edc-b55e-7dfc10d8ef8d HTTP/11" 422 88
2024-12-23 15:23:54,348 - INFO - Disco D:\ já registrado.
2024-12-23 15:23:54,348 - INFO - Atualizando disco D:\...
2024-12-23 15:23:54,349 - DEBUG - Starting new HTTP connection (1): localhost:8000
2024-12-23 15:23:56,400 - DEBUG - http://localhost:8000 "PUT /update-disks?id_computador=05936180-5750-4edc-b55e-7dfc10d8ef8d HTTP/11" 422 88
2024-12-23 15:26:30,880 - INFO - Coletando métricas do sistema...
2024-12-23 15:26:33,500 - DEBUG - Initializing 'ip4' method cache (platform: 'windows')
2024-12-23 15:26:33,502 - DEBUG - Finished initializing 'ip4' method cache
2024-12-23 15:26:33,503 - DEBUG - Raw MAC found: f46add7e79ab
2024-12-23 15:26:33,503 - DEBUG - Adding colons to MAC f46add7e79ab
2024-12-23 15:26:33,504 - DEBUG - Métricas coletadas: {'hostname': 'DESKTOP-MMSRVE2', 'ip_local': '192.168.5.69', 'mac': 'F4-6A-DD-7E-79-AB', 'cpu_info': 'AMD Ryzen 5 7520U with Radeon Graphics', 'cpu_percent': 3.1, 'memoria_total': 5.739498138427734, 'memoria_livre': 0.4584693908691406, 'ram_percent': 92.0, 'partitions': [{'unidade': 'C:\\', 'espaco_total_GB': 237.83945846557617, 'espaco_livre_GB': 37.4257926940918, 'uso_percentual': 84.3}, {'unidade': 'D:\\', 'espaco_total_GB': 28.620094299316406, 'espaco_livre_GB': 2.099639892578125, 'uso_percentual': 92.7}]}
2024-12-23 15:26:33,507 - DEBUG - Starting new HTTP connection (1): localhost:8000
2024-12-23 15:26:35,718 - DEBUG - http://localhost:8000 "GET /list-computer?mac=F4-6A-DD-7E-79-AB HTTP/11" 200 232
2024-12-23 15:26:35,720 - DEBUG - Starting new HTTP connection (1): localhost:8000
2024-12-23 15:26:37,902 - DEBUG - http://localhost:8000 "GET /list-monitoramento?id=05936180-5750-4edc-b55e-7dfc10d8ef8d HTTP/11" 200 348
2024-12-23 15:26:37,903 - INFO - Atualizando dados de métricas existentes.
2024-12-23 15:26:37,904 - DEBUG - Starting new HTTP connection (1): localhost:8000
2024-12-23 15:26:40,126 - DEBUG - http://localhost:8000 "PUT /update-metrics?id_computador=05936180-5750-4edc-b55e-7dfc10d8ef8d HTTP/11" 200 374
2024-12-23 15:26:40,127 - DEBUG - Starting new HTTP connection (1): localhost:8000
2024-12-23 15:26:42,209 - DEBUG - http://localhost:8000 "GET /list-disks?id_computador=05936180-5750-4edc-b55e-7dfc10d8ef8d HTTP/11" 200 442
2024-12-23 15:26:42,210 - DEBUG - Unidades existentes para o computador 05936180-5750-4edc-b55e-7dfc10d8ef8d: {'D:\\', 'C:\\'}
2024-12-23 15:26:42,211 - INFO - Disco C:\ já registrado.
2024-12-23 15:26:42,211 - INFO - Atualizando disco C:\...
2024-12-23 15:26:42,212 - DEBUG - Starting new HTTP connection (1): localhost:8000
2024-12-23 15:26:44,273 - DEBUG - http://localhost:8000 "PUT /update-disks?id_computador=05936180-5750-4edc-b55e-7dfc10d8ef8d HTTP/11" 422 88
2024-12-23 15:26:44,274 - INFO - Disco D:\ já registrado.
2024-12-23 15:26:44,276 - INFO - Atualizando disco D:\...
2024-12-23 15:26:44,277 - DEBUG - Starting new HTTP connection (1): localhost:8000
2024-12-23 15:26:46,311 - DEBUG - http://localhost:8000 "PUT /update-disks?id_computador=05936180-5750-4edc-b55e-7dfc10d8ef8d HTTP/11" 422 88
2024-12-23 15:44:34,640 - INFO - Coletando métricas do sistema...
2024-12-23 15:44:37,313 - DEBUG - Initializing 'ip4' method cache (platform: 'windows')
2024-12-23 15:44:37,314 - DEBUG - Finished initializing 'ip4' method cache
2024-12-23 15:44:37,315 - DEBUG - Raw MAC found: f46add7e79ab
2024-12-23 15:44:37,315 - DEBUG - Adding colons to MAC f46add7e79ab
2024-12-23 15:44:37,379 - DEBUG - Métricas coletadas: {'hostname': 'DESKTOP-MMSRVE2', 'ip_local': '192.168.5.69', 'mac': 'F4-6A-DD-7E-79-AB', 'cpu_info': 'AMD Ryzen 5 7520U with Radeon Graphics', 'cpu_percent': 4.1, 'memoria_total': 5.739498138427734, 'memoria_livre': 0.47034454345703125, 'ram_percent': 91.8, 'partitions': [{'unidade': 'C:\\', 'espaco_total_GB': 237.83945846557617, 'espaco_livre_GB': 37.420047760009766, 'uso_percentual': 84.3}, {'unidade': 'D:\\', 'espaco_total_GB': 28.620094299316406, 'espaco_livre_GB': 2.099639892578125, 'uso_percentual': 92.7}]}
2024-12-23 15:44:37,384 - DEBUG - Starting new HTTP connection (1): localhost:8000
2024-12-23 15:44:39,600 - DEBUG - http://localhost:8000 "GET /list-computer?mac=F4-6A-DD-7E-79-AB HTTP/11" 200 232
2024-12-23 15:44:39,602 - DEBUG - Starting new HTTP connection (1): localhost:8000
2024-12-23 15:44:41,796 - DEBUG - http://localhost:8000 "GET /list-monitoramento?id=05936180-5750-4edc-b55e-7dfc10d8ef8d HTTP/11" 200 348
2024-12-23 15:44:41,797 - INFO - Atualizando dados de métricas existentes.
2024-12-23 15:44:41,798 - DEBUG - Starting new HTTP connection (1): localhost:8000
2024-12-23 15:44:44,007 - DEBUG - http://localhost:8000 "PUT /update-metrics?id_computador=05936180-5750-4edc-b55e-7dfc10d8ef8d HTTP/11" 200 375
2024-12-23 15:44:44,009 - DEBUG - Starting new HTTP connection (1): localhost:8000
2024-12-23 15:44:46,211 - DEBUG - http://localhost:8000 "GET /list-disks?id_computador=05936180-5750-4edc-b55e-7dfc10d8ef8d HTTP/11" 200 442
2024-12-23 15:44:46,212 - DEBUG - Unidades existentes para o computador 05936180-5750-4edc-b55e-7dfc10d8ef8d: {'C:\\', 'D:\\'}
2024-12-23 15:44:46,213 - INFO - Disco C:\ já registrado.
2024-12-23 15:44:46,214 - INFO - Atualizando disco C:\...
2024-12-23 15:44:46,215 - DEBUG - Starting new HTTP connection (1): localhost:8000
2024-12-23 15:44:48,415 - DEBUG - http://localhost:8000 "PUT /update-disks?id_computador=05936180-5750-4edc-b55e-7dfc10d8ef8d HTTP/11" 200 159
2024-12-23 15:44:48,416 - INFO - Disco D:\ já registrado.
2024-12-23 15:44:48,417 - INFO - Atualizando disco D:\...
2024-12-23 15:44:48,418 - DEBUG - Starting new HTTP connection (1): localhost:8000
2024-12-23 15:44:50,607 - DEBUG - http://localhost:8000 "PUT /update-disks?id_computador=05936180-5750-4edc-b55e-7dfc10d8ef8d HTTP/11" 200 158
2024-12-23 15:47:07,134 - INFO - Coletando métricas do sistema...
2024-12-23 15:47:09,754 - DEBUG - Initializing 'ip4' method cache (platform: 'windows')
2024-12-23 15:47:09,755 - DEBUG - Finished initializing 'ip4' method cache
2024-12-23 15:47:09,757 - DEBUG - Raw MAC found: f46add7e79ab
2024-12-23 15:47:09,757 - DEBUG - Adding colons to MAC f46add7e79ab
2024-12-23 15:47:09,757 - DEBUG - Métricas coletadas: {'hostname': 'DESKTOP-MMSRVE2', 'ip_local': '192.168.5.69', 'mac': 'F4-6A-DD-7E-79-AB', 'cpu_info': 'AMD Ryzen 5 7520U with Radeon Graphics', 'cpu_percent': 8.7, 'memoria_total': 5.739498138427734, 'memoria_livre': 0.7291221618652344, 'ram_percent': 87.3, 'partitions': [{'unidade': 'C:\\', 'espaco_total_GB': 237.83945846557617, 'espaco_livre_GB': 37.418758392333984, 'uso_percentual': 84.3}, {'unidade': 'D:\\', 'espaco_total_GB': 28.620094299316406, 'espaco_livre_GB': 2.099639892578125, 'uso_percentual': 92.7}]}
2024-12-23 15:47:09,760 - DEBUG - Starting new HTTP connection (1): localhost:8000
2024-12-23 15:47:11,950 - DEBUG - http://localhost:8000 "GET /list-computer?mac=F4-6A-DD-7E-79-AB HTTP/11" 200 232
2024-12-23 15:47:11,952 - DEBUG - Starting new HTTP connection (1): localhost:8000
2024-12-23 15:47:14,146 - DEBUG - http://localhost:8000 "GET /list-monitoramento?id=05936180-5750-4edc-b55e-7dfc10d8ef8d HTTP/11" 200 348
2024-12-23 15:47:14,146 - INFO - Atualizando dados de métricas existentes.
2024-12-23 15:47:14,147 - DEBUG - Starting new HTTP connection (1): localhost:8000
2024-12-23 15:47:16,330 - DEBUG - http://localhost:8000 "PUT /update-metrics?id_computador=05936180-5750-4edc-b55e-7dfc10d8ef8d HTTP/11" 200 374
2024-12-23 15:47:16,331 - DEBUG - Starting new HTTP connection (1): localhost:8000
2024-12-23 15:47:18,529 - DEBUG - http://localhost:8000 "GET /list-disks?id_computador=05936180-5750-4edc-b55e-7dfc10d8ef8d HTTP/11" 200 442
2024-12-23 15:47:18,530 - DEBUG - Unidades existentes para o computador 05936180-5750-4edc-b55e-7dfc10d8ef8d: {'D:\\', 'C:\\'}
2024-12-23 15:47:18,530 - INFO - Disco C:\ já registrado.
2024-12-23 15:47:18,531 - INFO - Atualizando disco C:\...
2024-12-23 15:47:18,531 - DEBUG - Starting new HTTP connection (1): localhost:8000
2024-12-23 15:47:20,629 - DEBUG - http://localhost:8000 "PUT /update-disks?id_computador=05936180-5750-4edc-b55e-7dfc10d8ef8d HTTP/11" 200 159
2024-12-23 15:47:20,631 - INFO - Disco D:\ já registrado.
2024-12-23 15:47:20,632 - INFO - Atualizando disco D:\...
2024-12-23 15:47:20,633 - DEBUG - Starting new HTTP connection (1): localhost:8000
2024-12-23 15:47:22,716 - DEBUG - http://localhost:8000 "PUT /update-disks?id_computador=05936180-5750-4edc-b55e-7dfc10d8ef8d HTTP/11" 200 158
2024-12-23 15:49:24,237 - INFO - Coletando métricas do sistema...
2024-12-23 15:49:26,869 - DEBUG - Initializing 'ip4' method cache (platform: 'windows')
2024-12-23 15:49:26,871 - DEBUG - Finished initializing 'ip4' method cache
2024-12-23 15:49:26,872 - DEBUG - Raw MAC found: f46add7e79ab
2024-12-23 15:49:26,872 - DEBUG - Adding colons to MAC f46add7e79ab
2024-12-23 15:49:26,873 - DEBUG - Métricas coletadas: {'hostname': 'DESKTOP-MMSRVE2', 'ip_local': '192.168.5.69', 'mac': 'F4-6A-DD-7E-79-AB', 'cpu_info': 'AMD Ryzen 5 7520U with Radeon Graphics', 'cpu_percent': 6.6, 'memoria_total': 5.739498138427734, 'memoria_livre': 0.3959312438964844, 'ram_percent': 93.1, 'partitions': [{'unidade': 'C:\\', 'espaco_total_GB': 237.83945846557617, 'espaco_livre_GB': 37.41729736328125, 'uso_percentual': 84.3}, {'unidade': 'D:\\', 'espaco_total_GB': 28.620094299316406, 'espaco_livre_GB': 2.099639892578125, 'uso_percentual': 92.7}]}
2024-12-23 15:49:26,876 - DEBUG - Starting new HTTP connection (1): localhost:8000
2024-12-23 15:49:28,975 - DEBUG - http://localhost:8000 "GET /list-computer?mac=F4-6A-DD-7E-79-AB HTTP/11" 200 232
2024-12-23 15:49:28,977 - DEBUG - Starting new HTTP connection (1): localhost:8000
2024-12-23 15:49:31,172 - DEBUG - http://localhost:8000 "GET /list-monitoramento?id=05936180-5750-4edc-b55e-7dfc10d8ef8d HTTP/11" 200 348
2024-12-23 15:49:31,173 - INFO - Atualizando dados de métricas existentes.
2024-12-23 15:49:31,174 - DEBUG - Starting new HTTP connection (1): localhost:8000
2024-12-23 15:49:33,245 - DEBUG - http://localhost:8000 "PUT /update-metrics?id_computador=05936180-5750-4edc-b55e-7dfc10d8ef8d HTTP/11" 200 374
2024-12-23 15:49:33,247 - DEBUG - Starting new HTTP connection (1): localhost:8000
2024-12-23 15:49:35,454 - DEBUG - http://localhost:8000 "GET /list-disks?id_computador=05936180-5750-4edc-b55e-7dfc10d8ef8d HTTP/11" 200 442
2024-12-23 15:49:35,455 - DEBUG - Unidades existentes para o computador 05936180-5750-4edc-b55e-7dfc10d8ef8d: {'C:\\', 'D:\\'}
2024-12-23 15:49:35,456 - INFO - Disco C:\ já registrado.
2024-12-23 15:49:35,456 - INFO - Atualizando disco C:\...
2024-12-23 15:49:35,457 - DEBUG - Starting new HTTP connection (1): localhost:8000
2024-12-23 15:49:37,544 - DEBUG - http://localhost:8000 "PUT /update-disks?id_computador=05936180-5750-4edc-b55e-7dfc10d8ef8d HTTP/11" 200 158
2024-12-23 15:49:37,545 - INFO - Disco D:\ já registrado.
2024-12-23 15:49:37,546 - INFO - Atualizando disco D:\...
2024-12-23 15:49:37,547 - DEBUG - Starting new HTTP connection (1): localhost:8000
2024-12-23 15:49:39,627 - DEBUG - http://localhost:8000 "PUT /update-disks?id_computador=05936180-5750-4edc-b55e-7dfc10d8ef8d HTTP/11" 200 158
